<?xml version="1.0" encoding="UTF-8"?>
<coverage generated="1580947693468" clover="3.2.0">
  <project timestamp="1580947693468" name="All files">
    <metrics statements="222" coveredstatements="97" conditionals="91" coveredconditionals="24" methods="73" coveredmethods="16" elements="386" coveredelements="137" complexity="0" loc="222" ncloc="222" packages="20" files="39" classes="39"/>
    <package name="src">
      <metrics statements="51" coveredstatements="15" conditionals="36" coveredconditionals="6" methods="16" coveredmethods="2"/>
      <file name="App.js" path="/Users/HTMusic/Desktop/PROJECTS/subdivision-app/gregg-fine-guitar-apps/subdivision-app_v5/src/App.js">
        <metrics statements="1" coveredstatements="1" conditionals="0" coveredconditionals="0" methods="1" coveredmethods="1"/>
        <line num="8" count="3" type="stmt"/>
      </file>
      <file name="actions.js" path="/Users/HTMusic/Desktop/PROJECTS/subdivision-app/gregg-fine-guitar-apps/subdivision-app_v5/src/actions.js">
        <metrics statements="8" coveredstatements="8" conditionals="0" coveredconditionals="0" methods="0" coveredmethods="0"/>
        <line num="1" count="4" type="stmt"/>
        <line num="2" count="4" type="stmt"/>
        <line num="3" count="4" type="stmt"/>
        <line num="4" count="4" type="stmt"/>
        <line num="5" count="4" type="stmt"/>
        <line num="6" count="4" type="stmt"/>
        <line num="7" count="4" type="stmt"/>
        <line num="8" count="4" type="stmt"/>
      </file>
      <file name="index.js" path="/Users/HTMusic/Desktop/PROJECTS/subdivision-app/gregg-fine-guitar-apps/subdivision-app_v5/src/index.js">
        <metrics statements="4" coveredstatements="4" conditionals="4" coveredconditionals="4" methods="0" coveredmethods="0"/>
        <line num="10" count="3" type="cond" truecount="2" falsecount="0"/>
        <line num="11" count="3" type="stmt"/>
        <line num="16" count="3" type="stmt"/>
        <line num="27" count="3" type="stmt"/>
      </file>
      <file name="serviceWorker.js" path="/Users/HTMusic/Desktop/PROJECTS/subdivision-app/gregg-fine-guitar-apps/subdivision-app_v5/src/serviceWorker.js">
        <metrics statements="38" coveredstatements="2" conditionals="32" coveredconditionals="2" methods="15" coveredmethods="1"/>
        <line num="13" count="3" type="stmt"/>
        <line num="24" count="0" type="cond" truecount="0" falsecount="4"/>
        <line num="26" count="0" type="stmt"/>
        <line num="27" count="0" type="cond" truecount="0" falsecount="2"/>
        <line num="31" count="0" type="stmt"/>
        <line num="34" count="0" type="stmt"/>
        <line num="35" count="0" type="stmt"/>
        <line num="37" count="0" type="cond" truecount="0" falsecount="2"/>
        <line num="39" count="0" type="stmt"/>
        <line num="43" count="0" type="stmt"/>
        <line num="44" count="0" type="stmt"/>
        <line num="51" count="0" type="stmt"/>
        <line num="58" count="0" type="stmt"/>
        <line num="61" count="0" type="stmt"/>
        <line num="62" count="0" type="stmt"/>
        <line num="63" count="0" type="cond" truecount="0" falsecount="2"/>
        <line num="64" count="0" type="stmt"/>
        <line num="66" count="0" type="stmt"/>
        <line num="67" count="0" type="cond" truecount="0" falsecount="2"/>
        <line num="68" count="0" type="cond" truecount="0" falsecount="2"/>
        <line num="72" count="0" type="stmt"/>
        <line num="78" count="0" type="cond" truecount="0" falsecount="4"/>
        <line num="79" count="0" type="stmt"/>
        <line num="85" count="0" type="stmt"/>
        <line num="88" count="0" type="cond" truecount="0" falsecount="4"/>
        <line num="89" count="0" type="stmt"/>
        <line num="97" count="0" type="stmt"/>
        <line num="103" count="0" type="stmt"/>
        <line num="108" count="0" type="stmt"/>
        <line num="109" count="0" type="cond" truecount="0" falsecount="2"/>
        <line num="114" count="0" type="stmt"/>
        <line num="115" count="0" type="stmt"/>
        <line num="116" count="0" type="stmt"/>
        <line num="121" count="0" type="stmt"/>
        <line num="125" count="0" type="stmt"/>
        <line num="132" count="3" type="cond" truecount="1" falsecount="1"/>
        <line num="133" count="0" type="stmt"/>
        <line num="134" count="0" type="stmt"/>
      </file>
    </package>
    <package name="src.action-creators">
      <metrics statements="14" coveredstatements="8" conditionals="0" coveredconditionals="0" methods="8" coveredmethods="0"/>
      <file name="getRandQuestionAction.js" path="/Users/HTMusic/Desktop/PROJECTS/subdivision-app/gregg-fine-guitar-apps/subdivision-app_v5/src/action-creators/getRandQuestionAction.js">
        <metrics statements="2" coveredstatements="1" conditionals="0" coveredconditionals="0" methods="1" coveredmethods="0"/>
        <line num="3" count="3" type="stmt"/>
        <line num="4" count="0" type="stmt"/>
      </file>
      <file name="handleAnswers.js" path="/Users/HTMusic/Desktop/PROJECTS/subdivision-app/gregg-fine-guitar-apps/subdivision-app_v5/src/action-creators/handleAnswers.js">
        <metrics statements="2" coveredstatements="2" conditionals="0" coveredconditionals="0" methods="2" coveredmethods="0"/>
        <line num="3" count="3" type="stmt"/>
        <line num="7" count="3" type="stmt"/>
      </file>
      <file name="handlePlayNext.js" path="/Users/HTMusic/Desktop/PROJECTS/subdivision-app/gregg-fine-guitar-apps/subdivision-app_v5/src/action-creators/handlePlayNext.js">
        <metrics statements="2" coveredstatements="1" conditionals="0" coveredconditionals="0" methods="1" coveredmethods="0"/>
        <line num="3" count="3" type="stmt"/>
        <line num="4" count="0" type="stmt"/>
      </file>
      <file name="setGameOver.js" path="/Users/HTMusic/Desktop/PROJECTS/subdivision-app/gregg-fine-guitar-apps/subdivision-app_v5/src/action-creators/setGameOver.js">
        <metrics statements="2" coveredstatements="1" conditionals="0" coveredconditionals="0" methods="1" coveredmethods="0"/>
        <line num="3" count="3" type="stmt"/>
        <line num="4" count="0" type="stmt"/>
      </file>
      <file name="setMode.js" path="/Users/HTMusic/Desktop/PROJECTS/subdivision-app/gregg-fine-guitar-apps/subdivision-app_v5/src/action-creators/setMode.js">
        <metrics statements="2" coveredstatements="1" conditionals="0" coveredconditionals="0" methods="1" coveredmethods="0"/>
        <line num="3" count="3" type="stmt"/>
        <line num="4" count="0" type="stmt"/>
      </file>
      <file name="setPlayAgain.js" path="/Users/HTMusic/Desktop/PROJECTS/subdivision-app/gregg-fine-guitar-apps/subdivision-app_v5/src/action-creators/setPlayAgain.js">
        <metrics statements="2" coveredstatements="1" conditionals="0" coveredconditionals="0" methods="1" coveredmethods="0"/>
        <line num="3" count="3" type="stmt"/>
        <line num="4" count="0" type="stmt"/>
      </file>
      <file name="startGame.js" path="/Users/HTMusic/Desktop/PROJECTS/subdivision-app/gregg-fine-guitar-apps/subdivision-app_v5/src/action-creators/startGame.js">
        <metrics statements="2" coveredstatements="1" conditionals="0" coveredconditionals="0" methods="1" coveredmethods="0"/>
        <line num="3" count="3" type="stmt"/>
        <line num="4" count="0" type="stmt"/>
      </file>
    </package>
    <package name="src.components.answers">
      <metrics statements="15" coveredstatements="4" conditionals="2" coveredconditionals="0" methods="5" coveredmethods="0"/>
      <file name="Answers.jsx" path="/Users/HTMusic/Desktop/PROJECTS/subdivision-app/gregg-fine-guitar-apps/subdivision-app_v5/src/components/answers/Answers.jsx">
        <metrics statements="15" coveredstatements="4" conditionals="2" coveredconditionals="0" methods="5" coveredmethods="0"/>
        <line num="19" count="3" type="stmt"/>
        <line num="24" count="3" type="stmt"/>
        <line num="32" count="0" type="stmt"/>
        <line num="33" count="0" type="stmt"/>
        <line num="34" count="0" type="stmt"/>
        <line num="35" count="0" type="stmt"/>
        <line num="40" count="0" type="stmt"/>
        <line num="41" count="0" type="stmt"/>
        <line num="42" count="0" type="stmt"/>
        <line num="57" count="0" type="stmt"/>
        <line num="58" count="0" type="stmt"/>
        <line num="59" count="0" type="stmt"/>
        <line num="70" count="0" type="stmt"/>
        <line num="85" count="3" type="stmt"/>
        <line num="98" count="3" type="stmt"/>
      </file>
    </package>
    <package name="src.components.chances">
      <metrics statements="12" coveredstatements="4" conditionals="2" coveredconditionals="0" methods="4" coveredmethods="0"/>
      <file name="Chances.jsx" path="/Users/HTMusic/Desktop/PROJECTS/subdivision-app/gregg-fine-guitar-apps/subdivision-app_v5/src/components/chances/Chances.jsx">
        <metrics statements="12" coveredstatements="4" conditionals="2" coveredconditionals="0" methods="4" coveredmethods="0"/>
        <line num="12" count="3" type="stmt"/>
        <line num="13" count="0" type="stmt"/>
        <line num="14" count="0" type="stmt"/>
        <line num="17" count="3" type="stmt"/>
        <line num="18" count="0" type="cond" truecount="0" falsecount="2"/>
        <line num="19" count="0" type="stmt"/>
        <line num="20" count="0" type="stmt"/>
        <line num="21" count="0" type="stmt"/>
        <line num="23" count="0" type="stmt"/>
        <line num="30" count="0" type="stmt"/>
        <line num="39" count="3" type="stmt"/>
        <line num="43" count="3" type="stmt"/>
      </file>
    </package>
    <package name="src.components.gameOverDisplay">
      <metrics statements="4" coveredstatements="3" conditionals="0" coveredconditionals="0" methods="2" coveredmethods="0"/>
      <file name="GameOverDisplay.jsx" path="/Users/HTMusic/Desktop/PROJECTS/subdivision-app/gregg-fine-guitar-apps/subdivision-app_v5/src/components/gameOverDisplay/GameOverDisplay.jsx">
        <metrics statements="4" coveredstatements="3" conditionals="0" coveredconditionals="0" methods="2" coveredmethods="0"/>
        <line num="9" count="3" type="stmt"/>
        <line num="10" count="0" type="stmt"/>
        <line num="21" count="3" type="stmt"/>
        <line num="25" count="3" type="stmt"/>
      </file>
    </package>
    <package name="src.components.hearAgain">
      <metrics statements="3" coveredstatements="2" conditionals="2" coveredconditionals="0" methods="1" coveredmethods="0"/>
      <file name="HearAgain.jsx" path="/Users/HTMusic/Desktop/PROJECTS/subdivision-app/gregg-fine-guitar-apps/subdivision-app_v5/src/components/hearAgain/HearAgain.jsx">
        <metrics statements="3" coveredstatements="2" conditionals="2" coveredconditionals="0" methods="1" coveredmethods="0"/>
        <line num="6" count="3" type="stmt"/>
        <line num="7" count="0" type="stmt"/>
        <line num="25" count="3" type="stmt"/>
      </file>
    </package>
    <package name="src.components.landingPage">
      <metrics statements="2" coveredstatements="2" conditionals="0" coveredconditionals="0" methods="1" coveredmethods="1"/>
      <file name="LandingPage.jsx" path="/Users/HTMusic/Desktop/PROJECTS/subdivision-app/gregg-fine-guitar-apps/subdivision-app_v5/src/components/landingPage/LandingPage.jsx">
        <metrics statements="2" coveredstatements="2" conditionals="0" coveredconditionals="0" methods="1" coveredmethods="1"/>
        <line num="4" count="3" type="stmt"/>
        <line num="5" count="3" type="stmt"/>
      </file>
    </package>
    <package name="src.components.levels">
      <metrics statements="5" coveredstatements="2" conditionals="0" coveredconditionals="0" methods="4" coveredmethods="0"/>
      <file name="Levels.jsx" path="/Users/HTMusic/Desktop/PROJECTS/subdivision-app/gregg-fine-guitar-apps/subdivision-app_v5/src/components/levels/Levels.jsx">
        <metrics statements="5" coveredstatements="2" conditionals="0" coveredconditionals="0" methods="4" coveredmethods="0"/>
        <line num="8" count="3" type="stmt"/>
        <line num="9" count="0" type="stmt"/>
        <line num="20" count="0" type="stmt"/>
        <line num="29" count="0" type="stmt"/>
        <line num="36" count="3" type="stmt"/>
      </file>
    </package>
    <package name="src.components.lives">
      <metrics statements="16" coveredstatements="3" conditionals="5" coveredconditionals="0" methods="5" coveredmethods="0"/>
      <file name="Lives.jsx" path="/Users/HTMusic/Desktop/PROJECTS/subdivision-app/gregg-fine-guitar-apps/subdivision-app_v5/src/components/lives/Lives.jsx">
        <metrics statements="16" coveredstatements="3" conditionals="5" coveredconditionals="0" methods="5" coveredmethods="0"/>
        <line num="12" count="3" type="stmt"/>
        <line num="13" count="0" type="stmt"/>
        <line num="14" count="0" type="stmt"/>
        <line num="15" count="0" type="stmt"/>
        <line num="17" count="0" type="cond" truecount="0" falsecount="1"/>
        <line num="18" count="0" type="cond" truecount="0" falsecount="2"/>
        <line num="19" count="0" type="stmt"/>
        <line num="22" count="0" type="stmt"/>
        <line num="23" count="0" type="stmt"/>
        <line num="26" count="0" type="cond" truecount="0" falsecount="2"/>
        <line num="27" count="0" type="stmt"/>
        <line num="28" count="0" type="stmt"/>
        <line num="30" count="0" type="stmt"/>
        <line num="38" count="0" type="stmt"/>
        <line num="47" count="3" type="stmt"/>
        <line num="51" count="3" type="stmt"/>
      </file>
    </package>
    <package name="src.components.muteBtn">
      <metrics statements="3" coveredstatements="3" conditionals="2" coveredconditionals="1" methods="1" coveredmethods="1"/>
      <file name="MuteBtn.jsx" path="/Users/HTMusic/Desktop/PROJECTS/subdivision-app/gregg-fine-guitar-apps/subdivision-app_v5/src/components/muteBtn/MuteBtn.jsx">
        <metrics statements="3" coveredstatements="3" conditionals="2" coveredconditionals="1" methods="1" coveredmethods="1"/>
        <line num="6" count="4" type="stmt"/>
        <line num="7" count="1" type="stmt"/>
        <line num="20" count="4" type="stmt"/>
      </file>
    </package>
    <package name="src.components.question">
      <metrics statements="22" coveredstatements="3" conditionals="6" coveredconditionals="0" methods="6" coveredmethods="0"/>
      <file name="Question.jsx" path="/Users/HTMusic/Desktop/PROJECTS/subdivision-app/gregg-fine-guitar-apps/subdivision-app_v5/src/components/question/Question.jsx">
        <metrics statements="22" coveredstatements="3" conditionals="6" coveredconditionals="0" methods="6" coveredmethods="0"/>
        <line num="8" count="3" type="stmt"/>
        <line num="9" count="0" type="stmt"/>
        <line num="10" count="0" type="stmt"/>
        <line num="12" count="0" type="stmt"/>
        <line num="13" count="0" type="stmt"/>
        <line num="14" count="0" type="cond" truecount="0" falsecount="2"/>
        <line num="15" count="0" type="stmt"/>
        <line num="16" count="0" type="stmt"/>
        <line num="17" count="0" type="cond" truecount="0" falsecount="2"/>
        <line num="18" count="0" type="stmt"/>
        <line num="20" count="0" type="stmt"/>
        <line num="25" count="0" type="stmt"/>
        <line num="26" count="0" type="stmt"/>
        <line num="27" count="0" type="stmt"/>
        <line num="28" count="0" type="stmt"/>
        <line num="29" count="0" type="stmt"/>
        <line num="32" count="0" type="stmt"/>
        <line num="33" count="0" type="cond" truecount="0" falsecount="2"/>
        <line num="34" count="0" type="stmt"/>
        <line num="38" count="0" type="stmt"/>
        <line num="60" count="3" type="stmt"/>
        <line num="68" count="3" type="stmt"/>
      </file>
    </package>
    <package name="src.components.score">
      <metrics statements="4" coveredstatements="3" conditionals="0" coveredconditionals="0" methods="2" coveredmethods="0"/>
      <file name="Score.jsx" path="/Users/HTMusic/Desktop/PROJECTS/subdivision-app/gregg-fine-guitar-apps/subdivision-app_v5/src/components/score/Score.jsx">
        <metrics statements="4" coveredstatements="3" conditionals="0" coveredconditionals="0" methods="2" coveredmethods="0"/>
        <line num="9" count="3" type="stmt"/>
        <line num="10" count="0" type="stmt"/>
        <line num="16" count="3" type="stmt"/>
        <line num="20" count="3" type="stmt"/>
      </file>
    </package>
    <package name="src.components.scoreboard">
      <metrics statements="2" coveredstatements="1" conditionals="0" coveredconditionals="0" methods="1" coveredmethods="0"/>
      <file name="ScoreBoard.jsx" path="/Users/HTMusic/Desktop/PROJECTS/subdivision-app/gregg-fine-guitar-apps/subdivision-app_v5/src/components/scoreboard/ScoreBoard.jsx">
        <metrics statements="2" coveredstatements="1" conditionals="0" coveredconditionals="0" methods="1" coveredmethods="0"/>
        <line num="9" count="3" type="stmt"/>
        <line num="10" count="0" type="stmt"/>
      </file>
    </package>
    <package name="src.components.startGameDisplay">
      <metrics statements="2" coveredstatements="1" conditionals="0" coveredconditionals="0" methods="1" coveredmethods="0"/>
      <file name="StartGameDisplay.jsx" path="/Users/HTMusic/Desktop/PROJECTS/subdivision-app/gregg-fine-guitar-apps/subdivision-app_v5/src/components/startGameDisplay/StartGameDisplay.jsx">
        <metrics statements="2" coveredstatements="1" conditionals="0" coveredconditionals="0" methods="1" coveredmethods="0"/>
        <line num="11" count="3" type="stmt"/>
        <line num="12" count="0" type="stmt"/>
      </file>
    </package>
    <package name="src.components.subdivisionApp">
      <metrics statements="3" coveredstatements="1" conditionals="4" coveredconditionals="0" methods="2" coveredmethods="0"/>
      <file name="SubdivisionApp.jsx" path="/Users/HTMusic/Desktop/PROJECTS/subdivision-app/gregg-fine-guitar-apps/subdivision-app_v5/src/components/subdivisionApp/SubdivisionApp.jsx">
        <metrics statements="3" coveredstatements="1" conditionals="4" coveredconditionals="0" methods="2" coveredmethods="0"/>
        <line num="18" count="0" type="stmt"/>
        <line num="19" count="0" type="cond" truecount="0" falsecount="2"/>
        <line num="39" count="3" type="stmt"/>
      </file>
    </package>
    <package name="src.components.tip">
      <metrics statements="4" coveredstatements="4" conditionals="0" coveredconditionals="0" methods="1" coveredmethods="1"/>
      <file name="Tip.jsx" path="/Users/HTMusic/Desktop/PROJECTS/subdivision-app/gregg-fine-guitar-apps/subdivision-app_v5/src/components/tip/Tip.jsx">
        <metrics statements="4" coveredstatements="4" conditionals="0" coveredconditionals="0" methods="1" coveredmethods="1"/>
        <line num="9" count="4" type="stmt"/>
        <line num="10" count="4" type="stmt"/>
        <line num="12" count="4" type="stmt"/>
        <line num="52" count="4" type="stmt"/>
      </file>
    </package>
    <package name="src.components.tip-muteBtn-wrapper">
      <metrics statements="2" coveredstatements="1" conditionals="0" coveredconditionals="0" methods="1" coveredmethods="0"/>
      <file name="TipMuteBtnWrapper.jsx" path="/Users/HTMusic/Desktop/PROJECTS/subdivision-app/gregg-fine-guitar-apps/subdivision-app_v5/src/components/tip-muteBtn-wrapper/TipMuteBtnWrapper.jsx">
        <metrics statements="2" coveredstatements="1" conditionals="0" coveredconditionals="0" methods="1" coveredmethods="0"/>
        <line num="4" count="3" type="stmt"/>
        <line num="5" count="0" type="stmt"/>
      </file>
    </package>
    <package name="src.hooks">
      <metrics statements="5" coveredstatements="5" conditionals="1" coveredconditionals="1" methods="2" coveredmethods="2"/>
      <file name="toggleHook.jsx" path="/Users/HTMusic/Desktop/PROJECTS/subdivision-app/gregg-fine-guitar-apps/subdivision-app_v5/src/hooks/toggleHook.jsx">
        <metrics statements="5" coveredstatements="5" conditionals="1" coveredconditionals="1" methods="2" coveredmethods="2"/>
        <line num="3" count="4" type="cond" truecount="1" falsecount="0"/>
        <line num="4" count="4" type="stmt"/>
        <line num="6" count="4" type="stmt"/>
        <line num="7" count="1" type="stmt"/>
        <line num="9" count="4" type="stmt"/>
      </file>
    </package>
    <package name="src.reducers">
      <metrics statements="50" coveredstatements="29" conditionals="31" coveredconditionals="16" methods="9" coveredmethods="8"/>
      <file name="chancesReducer.js" path="/Users/HTMusic/Desktop/PROJECTS/subdivision-app/gregg-fine-guitar-apps/subdivision-app_v5/src/reducers/chancesReducer.js">
        <metrics statements="6" coveredstatements="3" conditionals="5" coveredconditionals="2" methods="1" coveredmethods="1"/>
        <line num="7" count="3" type="cond" truecount="1" falsecount="0"/>
        <line num="8" count="9" type="cond" truecount="1" falsecount="3"/>
        <line num="10" count="0" type="stmt"/>
        <line num="12" count="0" type="stmt"/>
        <line num="14" count="0" type="stmt"/>
        <line num="16" count="9" type="stmt"/>
      </file>
      <file name="gameOverReducer.js" path="/Users/HTMusic/Desktop/PROJECTS/subdivision-app/gregg-fine-guitar-apps/subdivision-app_v5/src/reducers/gameOverReducer.js">
        <metrics statements="5" coveredstatements="3" conditionals="4" coveredconditionals="2" methods="1" coveredmethods="1"/>
        <line num="3" count="3" type="cond" truecount="1" falsecount="0"/>
        <line num="4" count="9" type="cond" truecount="1" falsecount="2"/>
        <line num="6" count="0" type="stmt"/>
        <line num="8" count="0" type="stmt"/>
        <line num="10" count="9" type="stmt"/>
      </file>
      <file name="index.js" path="/Users/HTMusic/Desktop/PROJECTS/subdivision-app/gregg-fine-guitar-apps/subdivision-app_v5/src/reducers/index.js">
        <metrics statements="1" coveredstatements="1" conditionals="0" coveredconditionals="0" methods="0" coveredmethods="0"/>
        <line num="11" count="3" type="stmt"/>
      </file>
      <file name="livesReducer.js" path="/Users/HTMusic/Desktop/PROJECTS/subdivision-app/gregg-fine-guitar-apps/subdivision-app_v5/src/reducers/livesReducer.js">
        <metrics statements="5" coveredstatements="3" conditionals="4" coveredconditionals="2" methods="1" coveredmethods="1"/>
        <line num="3" count="3" type="cond" truecount="1" falsecount="0"/>
        <line num="4" count="9" type="cond" truecount="1" falsecount="2"/>
        <line num="6" count="0" type="stmt"/>
        <line num="8" count="0" type="stmt"/>
        <line num="10" count="9" type="stmt"/>
      </file>
      <file name="modeReducer.js" path="/Users/HTMusic/Desktop/PROJECTS/subdivision-app/gregg-fine-guitar-apps/subdivision-app_v5/src/reducers/modeReducer.js">
        <metrics statements="6" coveredstatements="3" conditionals="5" coveredconditionals="2" methods="1" coveredmethods="1"/>
        <line num="6" count="3" type="cond" truecount="1" falsecount="0"/>
        <line num="7" count="9" type="cond" truecount="1" falsecount="1"/>
        <line num="9" count="0" type="cond" truecount="0" falsecount="2"/>
        <line num="10" count="0" type="stmt"/>
        <line num="15" count="0" type="stmt"/>
        <line num="22" count="9" type="stmt"/>
      </file>
      <file name="playNextReducer.js" path="/Users/HTMusic/Desktop/PROJECTS/subdivision-app/gregg-fine-guitar-apps/subdivision-app_v5/src/reducers/playNextReducer.js">
        <metrics statements="10" coveredstatements="5" conditionals="3" coveredconditionals="2" methods="1" coveredmethods="1"/>
        <line num="5" count="3" type="stmt"/>
        <line num="7" count="3" type="stmt"/>
        <line num="9" count="3" type="stmt"/>
        <line num="16" count="9" type="cond" truecount="1" falsecount="1"/>
        <line num="18" count="0" type="stmt"/>
        <line num="19" count="0" type="stmt"/>
        <line num="20" count="0" type="stmt"/>
        <line num="21" count="0" type="stmt"/>
        <line num="23" count="0" type="stmt"/>
        <line num="28" count="9" type="stmt"/>
      </file>
      <file name="questionReducer.js" path="/Users/HTMusic/Desktop/PROJECTS/subdivision-app/gregg-fine-guitar-apps/subdivision-app_v5/src/reducers/questionReducer.js">
        <metrics statements="8" coveredstatements="5" conditionals="3" coveredconditionals="2" methods="2" coveredmethods="1"/>
        <line num="5" count="4" type="stmt"/>
        <line num="7" count="4" type="stmt"/>
        <line num="8" count="0" type="stmt"/>
        <line num="9" count="0" type="stmt"/>
        <line num="15" count="4" type="stmt"/>
        <line num="19" count="9" type="cond" truecount="1" falsecount="1"/>
        <line num="21" count="0" type="stmt"/>
        <line num="23" count="9" type="stmt"/>
      </file>
      <file name="scoreReducer.js" path="/Users/HTMusic/Desktop/PROJECTS/subdivision-app/gregg-fine-guitar-apps/subdivision-app_v5/src/reducers/scoreReducer.js">
        <metrics statements="5" coveredstatements="3" conditionals="4" coveredconditionals="2" methods="1" coveredmethods="1"/>
        <line num="3" count="3" type="cond" truecount="1" falsecount="0"/>
        <line num="4" count="9" type="cond" truecount="1" falsecount="2"/>
        <line num="6" count="0" type="stmt"/>
        <line num="8" count="0" type="stmt"/>
        <line num="10" count="9" type="stmt"/>
      </file>
      <file name="startGameReducer.js" path="/Users/HTMusic/Desktop/PROJECTS/subdivision-app/gregg-fine-guitar-apps/subdivision-app_v5/src/reducers/startGameReducer.js">
        <metrics statements="4" coveredstatements="3" conditionals="3" coveredconditionals="2" methods="1" coveredmethods="1"/>
        <line num="3" count="3" type="cond" truecount="1" falsecount="0"/>
        <line num="4" count="9" type="cond" truecount="1" falsecount="1"/>
        <line num="6" count="0" type="stmt"/>
        <line num="8" count="9" type="stmt"/>
      </file>
    </package>
    <package name="src.util">
      <metrics statements="3" coveredstatements="3" conditionals="0" coveredconditionals="0" methods="1" coveredmethods="1"/>
      <file name="helpers.js" path="/Users/HTMusic/Desktop/PROJECTS/subdivision-app/gregg-fine-guitar-apps/subdivision-app_v5/src/util/helpers.js">
        <metrics statements="2" coveredstatements="2" conditionals="0" coveredconditionals="0" methods="1" coveredmethods="1"/>
        <line num="4" count="5" type="stmt"/>
        <line num="5" count="5" type="stmt"/>
      </file>
      <file name="startStopData.js" path="/Users/HTMusic/Desktop/PROJECTS/subdivision-app/gregg-fine-guitar-apps/subdivision-app_v5/src/util/startStopData.js">
        <metrics statements="1" coveredstatements="1" conditionals="0" coveredconditionals="0" methods="0" coveredmethods="0"/>
        <line num="1" count="3" type="stmt"/>
      </file>
      <file name="tipsData.js" path="/Users/HTMusic/Desktop/PROJECTS/subdivision-app/gregg-fine-guitar-apps/subdivision-app_v5/src/util/tipsData.js">
        <metrics statements="0" coveredstatements="0" conditionals="0" coveredconditionals="0" methods="0" coveredmethods="0"/>
      </file>
    </package>
  </project>
</coverage>
