{"/Users/HTMusic/Desktop/PROJECTS/subdivision-app/gregg-fine-guitar-apps/subdivision-app_v5/src/App.js": {"path":"/Users/HTMusic/Desktop/PROJECTS/subdivision-app/gregg-fine-guitar-apps/subdivision-app_v5/src/App.js","statementMap":{"0":{"start":{"line":8,"column":2},"end":{"line":18,"column":4}}},"fnMap":{"0":{"name":"App","decl":{"start":{"line":7,"column":9},"end":{"line":7,"column":12}},"loc":{"start":{"line":7,"column":15},"end":{"line":19,"column":1}},"line":7}},"branchMap":{},"s":{"0":3},"f":{"0":3},"b":{},"_coverageSchema":"43e27e138ebf9cfc5966b082cf9a028302ed4184","hash":"b974bf79b161b09e054289ec20da0d080c03484c"}
,"/Users/HTMusic/Desktop/PROJECTS/subdivision-app/gregg-fine-guitar-apps/subdivision-app_v5/src/actions.js": {"path":"/Users/HTMusic/Desktop/PROJECTS/subdivision-app/gregg-fine-guitar-apps/subdivision-app_v5/src/actions.js","statementMap":{"0":{"start":{"line":1,"column":35},"end":{"line":1,"column":56}},"1":{"start":{"line":2,"column":35},"end":{"line":2,"column":56}},"2":{"start":{"line":3,"column":37},"end":{"line":3,"column":60}},"3":{"start":{"line":4,"column":25},"end":{"line":4,"column":36}},"4":{"start":{"line":5,"column":25},"end":{"line":5,"column":36}},"5":{"start":{"line":6,"column":26},"end":{"line":6,"column":38}},"6":{"start":{"line":7,"column":26},"end":{"line":7,"column":38}},"7":{"start":{"line":8,"column":24},"end":{"line":8,"column":34}}},"fnMap":{},"branchMap":{},"s":{"0":4,"1":4,"2":4,"3":4,"4":4,"5":4,"6":4,"7":4},"f":{},"b":{},"_coverageSchema":"43e27e138ebf9cfc5966b082cf9a028302ed4184","hash":"e2d263a14388eb13755db60c1ef477f5c3ecbee4"}
,"/Users/HTMusic/Desktop/PROJECTS/subdivision-app/gregg-fine-guitar-apps/subdivision-app_v5/src/index.js": {"path":"/Users/HTMusic/Desktop/PROJECTS/subdivision-app/gregg-fine-guitar-apps/subdivision-app_v5/src/index.js","statementMap":{"0":{"start":{"line":10,"column":25},"end":{"line":10,"column":79}},"1":{"start":{"line":11,"column":21},"end":{"line":14,"column":1}},"2":{"start":{"line":16,"column":0},"end":{"line":22,"column":2}},"3":{"start":{"line":27,"column":0},"end":{"line":27,"column":27}}},"fnMap":{},"branchMap":{"0":{"loc":{"start":{"line":10,"column":25},"end":{"line":10,"column":79}},"type":"binary-expr","locations":[{"start":{"line":10,"column":25},"end":{"line":10,"column":68}},{"start":{"line":10,"column":72},"end":{"line":10,"column":79}}],"line":10},"1":{"loc":{"start":{"line":20,"column":2},"end":{"line":20,"column":66}},"type":"binary-expr","locations":[{"start":{"line":20,"column":2},"end":{"line":20,"column":33}},{"start":{"line":20,"column":37},"end":{"line":20,"column":66}}],"line":20}},"s":{"0":3,"1":3,"2":3,"3":3},"f":{},"b":{"0":[3,3],"1":[3,3]},"_coverageSchema":"43e27e138ebf9cfc5966b082cf9a028302ed4184","hash":"54eee6427e1ab086ba256d64fcb39dd4b3758d34"}
,"/Users/HTMusic/Desktop/PROJECTS/subdivision-app/gregg-fine-guitar-apps/subdivision-app_v5/src/serviceWorker.js": {"path":"/Users/HTMusic/Desktop/PROJECTS/subdivision-app/gregg-fine-guitar-apps/subdivision-app_v5/src/serviceWorker.js","statementMap":{"0":{"start":{"line":13,"column":20},"end":{"line":21,"column":1}},"1":{"start":{"line":24,"column":2},"end":{"line":54,"column":3}},"2":{"start":{"line":26,"column":22},"end":{"line":26,"column":75}},"3":{"start":{"line":27,"column":4},"end":{"line":32,"column":5}},"4":{"start":{"line":31,"column":6},"end":{"line":31,"column":13}},"5":{"start":{"line":34,"column":4},"end":{"line":53,"column":7}},"6":{"start":{"line":35,"column":20},"end":{"line":35,"column":65}},"7":{"start":{"line":37,"column":6},"end":{"line":52,"column":7}},"8":{"start":{"line":39,"column":8},"end":{"line":39,"column":47}},"9":{"start":{"line":43,"column":8},"end":{"line":48,"column":11}},"10":{"start":{"line":44,"column":10},"end":{"line":47,"column":12}},"11":{"start":{"line":51,"column":8},"end":{"line":51,"column":39}},"12":{"start":{"line":58,"column":2},"end":{"line":98,"column":7}},"13":{"start":{"line":61,"column":6},"end":{"line":94,"column":8}},"14":{"start":{"line":62,"column":33},"end":{"line":62,"column":56}},"15":{"start":{"line":63,"column":8},"end":{"line":65,"column":9}},"16":{"start":{"line":64,"column":10},"end":{"line":64,"column":17}},"17":{"start":{"line":66,"column":8},"end":{"line":93,"column":10}},"18":{"start":{"line":67,"column":10},"end":{"line":92,"column":11}},"19":{"start":{"line":68,"column":12},"end":{"line":91,"column":13}},"20":{"start":{"line":72,"column":14},"end":{"line":75,"column":16}},"21":{"start":{"line":78,"column":14},"end":{"line":80,"column":15}},"22":{"start":{"line":79,"column":16},"end":{"line":79,"column":46}},"23":{"start":{"line":85,"column":14},"end":{"line":85,"column":64}},"24":{"start":{"line":88,"column":14},"end":{"line":90,"column":15}},"25":{"start":{"line":89,"column":16},"end":{"line":89,"column":47}},"26":{"start":{"line":97,"column":6},"end":{"line":97,"column":72}},"27":{"start":{"line":103,"column":2},"end":{"line":128,"column":7}},"28":{"start":{"line":108,"column":26},"end":{"line":108,"column":62}},"29":{"start":{"line":109,"column":6},"end":{"line":122,"column":7}},"30":{"start":{"line":114,"column":8},"end":{"line":118,"column":11}},"31":{"start":{"line":115,"column":10},"end":{"line":117,"column":13}},"32":{"start":{"line":116,"column":12},"end":{"line":116,"column":37}},"33":{"start":{"line":121,"column":8},"end":{"line":121,"column":39}},"34":{"start":{"line":125,"column":6},"end":{"line":127,"column":8}},"35":{"start":{"line":132,"column":2},"end":{"line":136,"column":3}},"36":{"start":{"line":133,"column":4},"end":{"line":135,"column":7}},"37":{"start":{"line":134,"column":6},"end":{"line":134,"column":32}}},"fnMap":{"0":{"name":"register","decl":{"start":{"line":23,"column":16},"end":{"line":23,"column":24}},"loc":{"start":{"line":23,"column":33},"end":{"line":55,"column":1}},"line":23},"1":{"name":"(anonymous_1)","decl":{"start":{"line":34,"column":36},"end":{"line":34,"column":37}},"loc":{"start":{"line":34,"column":42},"end":{"line":53,"column":5}},"line":34},"2":{"name":"(anonymous_2)","decl":{"start":{"line":43,"column":43},"end":{"line":43,"column":44}},"loc":{"start":{"line":43,"column":49},"end":{"line":48,"column":9}},"line":43},"3":{"name":"registerValidSW","decl":{"start":{"line":57,"column":9},"end":{"line":57,"column":24}},"loc":{"start":{"line":57,"column":40},"end":{"line":99,"column":1}},"line":57},"4":{"name":"(anonymous_4)","decl":{"start":{"line":60,"column":10},"end":{"line":60,"column":11}},"loc":{"start":{"line":60,"column":26},"end":{"line":95,"column":5}},"line":60},"5":{"name":"(anonymous_5)","decl":{"start":{"line":61,"column":35},"end":{"line":61,"column":36}},"loc":{"start":{"line":61,"column":41},"end":{"line":94,"column":7}},"line":61},"6":{"name":"(anonymous_6)","decl":{"start":{"line":66,"column":41},"end":{"line":66,"column":42}},"loc":{"start":{"line":66,"column":47},"end":{"line":93,"column":9}},"line":66},"7":{"name":"(anonymous_7)","decl":{"start":{"line":96,"column":11},"end":{"line":96,"column":12}},"loc":{"start":{"line":96,"column":20},"end":{"line":98,"column":5}},"line":96},"8":{"name":"checkValidServiceWorker","decl":{"start":{"line":101,"column":9},"end":{"line":101,"column":32}},"loc":{"start":{"line":101,"column":48},"end":{"line":129,"column":1}},"line":101},"9":{"name":"(anonymous_9)","decl":{"start":{"line":106,"column":10},"end":{"line":106,"column":11}},"loc":{"start":{"line":106,"column":22},"end":{"line":123,"column":5}},"line":106},"10":{"name":"(anonymous_10)","decl":{"start":{"line":114,"column":43},"end":{"line":114,"column":44}},"loc":{"start":{"line":114,"column":59},"end":{"line":118,"column":9}},"line":114},"11":{"name":"(anonymous_11)","decl":{"start":{"line":115,"column":41},"end":{"line":115,"column":42}},"loc":{"start":{"line":115,"column":47},"end":{"line":117,"column":11}},"line":115},"12":{"name":"(anonymous_12)","decl":{"start":{"line":124,"column":11},"end":{"line":124,"column":12}},"loc":{"start":{"line":124,"column":17},"end":{"line":128,"column":5}},"line":124},"13":{"name":"unregister","decl":{"start":{"line":131,"column":16},"end":{"line":131,"column":26}},"loc":{"start":{"line":131,"column":29},"end":{"line":137,"column":1}},"line":131},"14":{"name":"(anonymous_14)","decl":{"start":{"line":133,"column":39},"end":{"line":133,"column":40}},"loc":{"start":{"line":133,"column":55},"end":{"line":135,"column":5}},"line":133}},"branchMap":{"0":{"loc":{"start":{"line":14,"column":2},"end":{"line":20,"column":5}},"type":"binary-expr","locations":[{"start":{"line":14,"column":2},"end":{"line":14,"column":42}},{"start":{"line":16,"column":4},"end":{"line":16,"column":40}},{"start":{"line":18,"column":4},"end":{"line":20,"column":5}}],"line":14},"1":{"loc":{"start":{"line":24,"column":2},"end":{"line":54,"column":3}},"type":"if","locations":[{"start":{"line":24,"column":2},"end":{"line":54,"column":3}},{"start":{"line":24,"column":2},"end":{"line":54,"column":3}}],"line":24},"2":{"loc":{"start":{"line":24,"column":6},"end":{"line":24,"column":75}},"type":"binary-expr","locations":[{"start":{"line":24,"column":6},"end":{"line":24,"column":43}},{"start":{"line":24,"column":47},"end":{"line":24,"column":75}}],"line":24},"3":{"loc":{"start":{"line":27,"column":4},"end":{"line":32,"column":5}},"type":"if","locations":[{"start":{"line":27,"column":4},"end":{"line":32,"column":5}},{"start":{"line":27,"column":4},"end":{"line":32,"column":5}}],"line":27},"4":{"loc":{"start":{"line":37,"column":6},"end":{"line":52,"column":7}},"type":"if","locations":[{"start":{"line":37,"column":6},"end":{"line":52,"column":7}},{"start":{"line":37,"column":6},"end":{"line":52,"column":7}}],"line":37},"5":{"loc":{"start":{"line":63,"column":8},"end":{"line":65,"column":9}},"type":"if","locations":[{"start":{"line":63,"column":8},"end":{"line":65,"column":9}},{"start":{"line":63,"column":8},"end":{"line":65,"column":9}}],"line":63},"6":{"loc":{"start":{"line":67,"column":10},"end":{"line":92,"column":11}},"type":"if","locations":[{"start":{"line":67,"column":10},"end":{"line":92,"column":11}},{"start":{"line":67,"column":10},"end":{"line":92,"column":11}}],"line":67},"7":{"loc":{"start":{"line":68,"column":12},"end":{"line":91,"column":13}},"type":"if","locations":[{"start":{"line":68,"column":12},"end":{"line":91,"column":13}},{"start":{"line":68,"column":12},"end":{"line":91,"column":13}}],"line":68},"8":{"loc":{"start":{"line":78,"column":14},"end":{"line":80,"column":15}},"type":"if","locations":[{"start":{"line":78,"column":14},"end":{"line":80,"column":15}},{"start":{"line":78,"column":14},"end":{"line":80,"column":15}}],"line":78},"9":{"loc":{"start":{"line":78,"column":18},"end":{"line":78,"column":43}},"type":"binary-expr","locations":[{"start":{"line":78,"column":18},"end":{"line":78,"column":24}},{"start":{"line":78,"column":28},"end":{"line":78,"column":43}}],"line":78},"10":{"loc":{"start":{"line":88,"column":14},"end":{"line":90,"column":15}},"type":"if","locations":[{"start":{"line":88,"column":14},"end":{"line":90,"column":15}},{"start":{"line":88,"column":14},"end":{"line":90,"column":15}}],"line":88},"11":{"loc":{"start":{"line":88,"column":18},"end":{"line":88,"column":44}},"type":"binary-expr","locations":[{"start":{"line":88,"column":18},"end":{"line":88,"column":24}},{"start":{"line":88,"column":28},"end":{"line":88,"column":44}}],"line":88},"12":{"loc":{"start":{"line":109,"column":6},"end":{"line":122,"column":7}},"type":"if","locations":[{"start":{"line":109,"column":6},"end":{"line":122,"column":7}},{"start":{"line":109,"column":6},"end":{"line":122,"column":7}}],"line":109},"13":{"loc":{"start":{"line":110,"column":8},"end":{"line":111,"column":73}},"type":"binary-expr","locations":[{"start":{"line":110,"column":8},"end":{"line":110,"column":31}},{"start":{"line":111,"column":9},"end":{"line":111,"column":28}},{"start":{"line":111,"column":32},"end":{"line":111,"column":72}}],"line":110},"14":{"loc":{"start":{"line":132,"column":2},"end":{"line":136,"column":3}},"type":"if","locations":[{"start":{"line":132,"column":2},"end":{"line":136,"column":3}},{"start":{"line":132,"column":2},"end":{"line":136,"column":3}}],"line":132}},"s":{"0":3,"1":0,"2":0,"3":0,"4":0,"5":0,"6":0,"7":0,"8":0,"9":0,"10":0,"11":0,"12":0,"13":0,"14":0,"15":0,"16":0,"17":0,"18":0,"19":0,"20":0,"21":0,"22":0,"23":0,"24":0,"25":0,"26":0,"27":0,"28":0,"29":0,"30":0,"31":0,"32":0,"33":0,"34":0,"35":3,"36":0,"37":0},"f":{"0":0,"1":0,"2":0,"3":0,"4":0,"5":0,"6":0,"7":0,"8":0,"9":0,"10":0,"11":0,"12":0,"13":3,"14":0},"b":{"0":[3,0,0],"1":[0,0],"2":[0,0],"3":[0,0],"4":[0,0],"5":[0,0],"6":[0,0],"7":[0,0],"8":[0,0],"9":[0,0],"10":[0,0],"11":[0,0],"12":[0,0],"13":[0,0,0],"14":[0,3]},"_coverageSchema":"43e27e138ebf9cfc5966b082cf9a028302ed4184","hash":"cdfabfb85a25e335fdf1ce3b221ffe176b1cf7d2"}
,"/Users/HTMusic/Desktop/PROJECTS/subdivision-app/gregg-fine-guitar-apps/subdivision-app_v5/src/action-creators/getRandQuestionAction.js": {"path":"/Users/HTMusic/Desktop/PROJECTS/subdivision-app/gregg-fine-guitar-apps/subdivision-app_v5/src/action-creators/getRandQuestionAction.js","statementMap":{"0":{"start":{"line":3,"column":31},"end":{"line":7,"column":1}},"1":{"start":{"line":4,"column":2},"end":{"line":6,"column":4}}},"fnMap":{"0":{"name":"(anonymous_0)","decl":{"start":{"line":3,"column":31},"end":{"line":3,"column":32}},"loc":{"start":{"line":3,"column":37},"end":{"line":7,"column":1}},"line":3}},"branchMap":{},"s":{"0":3,"1":0},"f":{"0":0},"b":{},"_coverageSchema":"43e27e138ebf9cfc5966b082cf9a028302ed4184","hash":"fae8c603c1459786bb3e98de4756658ba331d433"}
,"/Users/HTMusic/Desktop/PROJECTS/subdivision-app/gregg-fine-guitar-apps/subdivision-app_v5/src/action-creators/handleAnswers.js": {"path":"/Users/HTMusic/Desktop/PROJECTS/subdivision-app/gregg-fine-guitar-apps/subdivision-app_v5/src/action-creators/handleAnswers.js","statementMap":{"0":{"start":{"line":3,"column":33},"end":{"line":5,"column":2}},"1":{"start":{"line":3,"column":40},"end":{"line":5,"column":1}},"2":{"start":{"line":7,"column":35},"end":{"line":9,"column":2}},"3":{"start":{"line":7,"column":42},"end":{"line":9,"column":1}}},"fnMap":{"0":{"name":"(anonymous_0)","decl":{"start":{"line":3,"column":33},"end":{"line":3,"column":34}},"loc":{"start":{"line":3,"column":40},"end":{"line":5,"column":1}},"line":3},"1":{"name":"(anonymous_1)","decl":{"start":{"line":7,"column":35},"end":{"line":7,"column":36}},"loc":{"start":{"line":7,"column":42},"end":{"line":9,"column":1}},"line":7}},"branchMap":{},"s":{"0":3,"1":0,"2":3,"3":0},"f":{"0":0,"1":0},"b":{},"_coverageSchema":"43e27e138ebf9cfc5966b082cf9a028302ed4184","hash":"8752fa3e5deea0ca3f3e54749955ef4c0b2027ab"}
,"/Users/HTMusic/Desktop/PROJECTS/subdivision-app/gregg-fine-guitar-apps/subdivision-app_v5/src/action-creators/handlePlayNext.js": {"path":"/Users/HTMusic/Desktop/PROJECTS/subdivision-app/gregg-fine-guitar-apps/subdivision-app_v5/src/action-creators/handlePlayNext.js","statementMap":{"0":{"start":{"line":3,"column":30},"end":{"line":7,"column":1}},"1":{"start":{"line":4,"column":2},"end":{"line":6,"column":4}}},"fnMap":{"0":{"name":"(anonymous_0)","decl":{"start":{"line":3,"column":30},"end":{"line":3,"column":31}},"loc":{"start":{"line":3,"column":36},"end":{"line":7,"column":1}},"line":3}},"branchMap":{},"s":{"0":3,"1":0},"f":{"0":0},"b":{},"_coverageSchema":"43e27e138ebf9cfc5966b082cf9a028302ed4184","hash":"7501bbeff0fc8d3ad0be82b970ece2a6bd9c5d1e"}
,"/Users/HTMusic/Desktop/PROJECTS/subdivision-app/gregg-fine-guitar-apps/subdivision-app_v5/src/action-creators/setGameOver.js": {"path":"/Users/HTMusic/Desktop/PROJECTS/subdivision-app/gregg-fine-guitar-apps/subdivision-app_v5/src/action-creators/setGameOver.js","statementMap":{"0":{"start":{"line":3,"column":27},"end":{"line":7,"column":1}},"1":{"start":{"line":4,"column":2},"end":{"line":6,"column":4}}},"fnMap":{"0":{"name":"(anonymous_0)","decl":{"start":{"line":3,"column":27},"end":{"line":3,"column":28}},"loc":{"start":{"line":3,"column":33},"end":{"line":7,"column":1}},"line":3}},"branchMap":{},"s":{"0":3,"1":0},"f":{"0":0},"b":{},"_coverageSchema":"43e27e138ebf9cfc5966b082cf9a028302ed4184","hash":"aa47880470e4d6b5c856acb3e1c150be269db7a6"}
,"/Users/HTMusic/Desktop/PROJECTS/subdivision-app/gregg-fine-guitar-apps/subdivision-app_v5/src/action-creators/setMode.js": {"path":"/Users/HTMusic/Desktop/PROJECTS/subdivision-app/gregg-fine-guitar-apps/subdivision-app_v5/src/action-creators/setMode.js","statementMap":{"0":{"start":{"line":3,"column":23},"end":{"line":5,"column":1}},"1":{"start":{"line":4,"column":2},"end":{"line":4,"column":43}}},"fnMap":{"0":{"name":"(anonymous_0)","decl":{"start":{"line":3,"column":23},"end":{"line":3,"column":24}},"loc":{"start":{"line":3,"column":31},"end":{"line":5,"column":1}},"line":3}},"branchMap":{},"s":{"0":3,"1":0},"f":{"0":0},"b":{},"_coverageSchema":"43e27e138ebf9cfc5966b082cf9a028302ed4184","hash":"68764ea9738d3fdd4d2bec65485dab31762d30a0"}
,"/Users/HTMusic/Desktop/PROJECTS/subdivision-app/gregg-fine-guitar-apps/subdivision-app_v5/src/action-creators/setPlayAgain.js": {"path":"/Users/HTMusic/Desktop/PROJECTS/subdivision-app/gregg-fine-guitar-apps/subdivision-app_v5/src/action-creators/setPlayAgain.js","statementMap":{"0":{"start":{"line":3,"column":28},"end":{"line":7,"column":1}},"1":{"start":{"line":4,"column":2},"end":{"line":6,"column":4}}},"fnMap":{"0":{"name":"(anonymous_0)","decl":{"start":{"line":3,"column":28},"end":{"line":3,"column":29}},"loc":{"start":{"line":3,"column":34},"end":{"line":7,"column":1}},"line":3}},"branchMap":{},"s":{"0":3,"1":0},"f":{"0":0},"b":{},"_coverageSchema":"43e27e138ebf9cfc5966b082cf9a028302ed4184","hash":"b697e66f05562edd48a02b2e4d9a82d4f82d7875"}
,"/Users/HTMusic/Desktop/PROJECTS/subdivision-app/gregg-fine-guitar-apps/subdivision-app_v5/src/action-creators/startGame.js": {"path":"/Users/HTMusic/Desktop/PROJECTS/subdivision-app/gregg-fine-guitar-apps/subdivision-app_v5/src/action-creators/startGame.js","statementMap":{"0":{"start":{"line":3,"column":25},"end":{"line":7,"column":1}},"1":{"start":{"line":4,"column":2},"end":{"line":6,"column":4}}},"fnMap":{"0":{"name":"(anonymous_0)","decl":{"start":{"line":3,"column":25},"end":{"line":3,"column":26}},"loc":{"start":{"line":3,"column":31},"end":{"line":7,"column":1}},"line":3}},"branchMap":{},"s":{"0":3,"1":0},"f":{"0":0},"b":{},"_coverageSchema":"43e27e138ebf9cfc5966b082cf9a028302ed4184","hash":"ee45854f1e34350ce125b843a320a3205bfea8bd"}
,"/Users/HTMusic/Desktop/PROJECTS/subdivision-app/gregg-fine-guitar-apps/subdivision-app_v5/src/components/answers/Answers.jsx": {"path":"/Users/HTMusic/Desktop/PROJECTS/subdivision-app/gregg-fine-guitar-apps/subdivision-app_v5/src/components/answers/Answers.jsx","statementMap":{"0":{"start":{"line":19,"column":23},"end":{"line":22,"column":1}},"1":{"start":{"line":24,"column":16},"end":{"line":83,"column":1}},"2":{"start":{"line":32,"column":26},"end":{"line":32,"column":34}},"3":{"start":{"line":33,"column":26},"end":{"line":33,"column":34}},"4":{"start":{"line":34,"column":23},"end":{"line":69,"column":6}},"5":{"start":{"line":35,"column":4},"end":{"line":69,"column":6}},"6":{"start":{"line":40,"column":10},"end":{"line":40,"column":32}},"7":{"start":{"line":41,"column":10},"end":{"line":41,"column":41}},"8":{"start":{"line":42,"column":10},"end":{"line":42,"column":27}},"9":{"start":{"line":57,"column":10},"end":{"line":57,"column":30}},"10":{"start":{"line":58,"column":10},"end":{"line":58,"column":41}},"11":{"start":{"line":59,"column":10},"end":{"line":59,"column":27}},"12":{"start":{"line":70,"column":2},"end":{"line":82,"column":4}},"13":{"start":{"line":85,"column":24},"end":{"line":90,"column":2}},"14":{"start":{"line":85,"column":68},"end":{"line":90,"column":1}},"15":{"start":{"line":98,"column":0},"end":{"line":103,"column":2}}},"fnMap":{"0":{"name":"(anonymous_0)","decl":{"start":{"line":24,"column":16},"end":{"line":24,"column":17}},"loc":{"start":{"line":31,"column":6},"end":{"line":83,"column":1}},"line":31},"1":{"name":"(anonymous_1)","decl":{"start":{"line":34,"column":23},"end":{"line":34,"column":24}},"loc":{"start":{"line":35,"column":4},"end":{"line":69,"column":6}},"line":35},"2":{"name":"(anonymous_2)","decl":{"start":{"line":39,"column":17},"end":{"line":39,"column":18}},"loc":{"start":{"line":39,"column":23},"end":{"line":43,"column":9}},"line":39},"3":{"name":"(anonymous_3)","decl":{"start":{"line":56,"column":17},"end":{"line":56,"column":18}},"loc":{"start":{"line":56,"column":23},"end":{"line":60,"column":9}},"line":56},"4":{"name":"(anonymous_4)","decl":{"start":{"line":85,"column":24},"end":{"line":85,"column":25}},"loc":{"start":{"line":85,"column":68},"end":{"line":90,"column":1}},"line":85}},"branchMap":{"0":{"loc":{"start":{"line":77,"column":26},"end":{"line":77,"column":54}},"type":"cond-expr","locations":[{"start":{"line":77,"column":38},"end":{"line":77,"column":45}},{"start":{"line":77,"column":48},"end":{"line":77,"column":54}}],"line":77}},"s":{"0":3,"1":3,"2":0,"3":0,"4":0,"5":0,"6":0,"7":0,"8":0,"9":0,"10":0,"11":0,"12":0,"13":3,"14":0,"15":3},"f":{"0":0,"1":0,"2":0,"3":0,"4":0},"b":{"0":[0,0]},"_coverageSchema":"43e27e138ebf9cfc5966b082cf9a028302ed4184","hash":"ab51d0d0b5178d390a50b1b96d064487ada6e844"}
,"/Users/HTMusic/Desktop/PROJECTS/subdivision-app/gregg-fine-guitar-apps/subdivision-app_v5/src/components/chances/Chances.jsx": {"path":"/Users/HTMusic/Desktop/PROJECTS/subdivision-app/gregg-fine-guitar-apps/subdivision-app_v5/src/components/chances/Chances.jsx","statementMap":{"0":{"start":{"line":12,"column":21},"end":{"line":15,"column":1}},"1":{"start":{"line":13,"column":19},"end":{"line":13,"column":54}},"2":{"start":{"line":14,"column":2},"end":{"line":14,"column":18}},"3":{"start":{"line":17,"column":16},"end":{"line":37,"column":1}},"4":{"start":{"line":18,"column":2},"end":{"line":36,"column":3}},"5":{"start":{"line":19,"column":4},"end":{"line":22,"column":13}},"6":{"start":{"line":20,"column":6},"end":{"line":20,"column":21}},"7":{"start":{"line":21,"column":6},"end":{"line":21,"column":20}},"8":{"start":{"line":23,"column":4},"end":{"line":28,"column":6}},"9":{"start":{"line":30,"column":4},"end":{"line":35,"column":6}},"10":{"start":{"line":39,"column":24},"end":{"line":39,"column":54}},"11":{"start":{"line":39,"column":42},"end":{"line":39,"column":53}},"12":{"start":{"line":43,"column":0},"end":{"line":45,"column":2}}},"fnMap":{"0":{"name":"(anonymous_0)","decl":{"start":{"line":12,"column":21},"end":{"line":12,"column":22}},"loc":{"start":{"line":12,"column":27},"end":{"line":15,"column":1}},"line":12},"1":{"name":"(anonymous_1)","decl":{"start":{"line":17,"column":16},"end":{"line":17,"column":17}},"loc":{"start":{"line":17,"column":46},"end":{"line":37,"column":1}},"line":17},"2":{"name":"(anonymous_2)","decl":{"start":{"line":19,"column":22},"end":{"line":19,"column":23}},"loc":{"start":{"line":19,"column":28},"end":{"line":22,"column":5}},"line":19},"3":{"name":"(anonymous_3)","decl":{"start":{"line":39,"column":24},"end":{"line":39,"column":25}},"loc":{"start":{"line":39,"column":42},"end":{"line":39,"column":53}},"line":39}},"branchMap":{"0":{"loc":{"start":{"line":18,"column":2},"end":{"line":36,"column":3}},"type":"if","locations":[{"start":{"line":18,"column":2},"end":{"line":36,"column":3}},{"start":{"line":18,"column":2},"end":{"line":36,"column":3}}],"line":18}},"s":{"0":3,"1":0,"2":0,"3":3,"4":0,"5":0,"6":0,"7":0,"8":0,"9":0,"10":3,"11":0,"12":3},"f":{"0":0,"1":0,"2":0,"3":0},"b":{"0":[0,0]},"_coverageSchema":"43e27e138ebf9cfc5966b082cf9a028302ed4184","hash":"161b53cfed1bcb91567ca561e420905c77bcf06f"}
,"/Users/HTMusic/Desktop/PROJECTS/subdivision-app/gregg-fine-guitar-apps/subdivision-app_v5/src/components/gameOverDisplay/GameOverDisplay.jsx": {"path":"/Users/HTMusic/Desktop/PROJECTS/subdivision-app/gregg-fine-guitar-apps/subdivision-app_v5/src/components/gameOverDisplay/GameOverDisplay.jsx","statementMap":{"0":{"start":{"line":9,"column":24},"end":{"line":19,"column":1}},"1":{"start":{"line":10,"column":2},"end":{"line":18,"column":14}},"2":{"start":{"line":21,"column":24},"end":{"line":21,"column":50}},"3":{"start":{"line":21,"column":40},"end":{"line":21,"column":49}},"4":{"start":{"line":25,"column":0},"end":{"line":28,"column":2}}},"fnMap":{"0":{"name":"(anonymous_0)","decl":{"start":{"line":9,"column":24},"end":{"line":9,"column":25}},"loc":{"start":{"line":10,"column":2},"end":{"line":18,"column":14}},"line":10},"1":{"name":"(anonymous_1)","decl":{"start":{"line":21,"column":24},"end":{"line":21,"column":25}},"loc":{"start":{"line":21,"column":40},"end":{"line":21,"column":49}},"line":21}},"branchMap":{},"s":{"0":3,"1":0,"2":3,"3":0,"4":3},"f":{"0":0,"1":0},"b":{},"_coverageSchema":"43e27e138ebf9cfc5966b082cf9a028302ed4184","hash":"303c399d120918f391a1fad975f46e06aa90b77d"}
,"/Users/HTMusic/Desktop/PROJECTS/subdivision-app/gregg-fine-guitar-apps/subdivision-app_v5/src/components/hearAgain/HearAgain.jsx": {"path":"/Users/HTMusic/Desktop/PROJECTS/subdivision-app/gregg-fine-guitar-apps/subdivision-app_v5/src/components/hearAgain/HearAgain.jsx","statementMap":{"0":{"start":{"line":6,"column":18},"end":{"line":21,"column":1}},"1":{"start":{"line":7,"column":2},"end":{"line":20,"column":4}},"2":{"start":{"line":25,"column":0},"end":{"line":29,"column":2}}},"fnMap":{"0":{"name":"(anonymous_0)","decl":{"start":{"line":6,"column":18},"end":{"line":6,"column":19}},"loc":{"start":{"line":6,"column":63},"end":{"line":21,"column":1}},"line":6}},"branchMap":{"0":{"loc":{"start":{"line":13,"column":23},"end":{"line":13,"column":59}},"type":"cond-expr","locations":[{"start":{"line":13,"column":34},"end":{"line":13,"column":47}},{"start":{"line":13,"column":50},"end":{"line":13,"column":59}}],"line":13}},"s":{"0":3,"1":0,"2":3},"f":{"0":0},"b":{"0":[0,0]},"_coverageSchema":"43e27e138ebf9cfc5966b082cf9a028302ed4184","hash":"2bf7be8883c42343814ba9838e3ebb8a591cb16d"}
,"/Users/HTMusic/Desktop/PROJECTS/subdivision-app/gregg-fine-guitar-apps/subdivision-app_v5/src/components/landingPage/LandingPage.jsx": {"path":"/Users/HTMusic/Desktop/PROJECTS/subdivision-app/gregg-fine-guitar-apps/subdivision-app_v5/src/components/landingPage/LandingPage.jsx","statementMap":{"0":{"start":{"line":4,"column":20},"end":{"line":15,"column":1}},"1":{"start":{"line":5,"column":2},"end":{"line":14,"column":4}}},"fnMap":{"0":{"name":"(anonymous_0)","decl":{"start":{"line":4,"column":20},"end":{"line":4,"column":21}},"loc":{"start":{"line":4,"column":26},"end":{"line":15,"column":1}},"line":4}},"branchMap":{},"s":{"0":3,"1":3},"f":{"0":3},"b":{},"_coverageSchema":"43e27e138ebf9cfc5966b082cf9a028302ed4184","hash":"0fe8c3f54477fb45ee3a92a82731d23ccd56d0ff"}
,"/Users/HTMusic/Desktop/PROJECTS/subdivision-app/gregg-fine-guitar-apps/subdivision-app_v5/src/components/levels/Levels.jsx": {"path":"/Users/HTMusic/Desktop/PROJECTS/subdivision-app/gregg-fine-guitar-apps/subdivision-app_v5/src/components/levels/Levels.jsx","statementMap":{"0":{"start":{"line":8,"column":15},"end":{"line":34,"column":1}},"1":{"start":{"line":9,"column":2},"end":{"line":33,"column":4}},"2":{"start":{"line":20,"column":26},"end":{"line":20,"column":41}},"3":{"start":{"line":29,"column":26},"end":{"line":29,"column":41}},"4":{"start":{"line":36,"column":24},"end":{"line":36,"column":50}},"5":{"start":{"line":36,"column":40},"end":{"line":36,"column":49}}},"fnMap":{"0":{"name":"(anonymous_0)","decl":{"start":{"line":8,"column":15},"end":{"line":8,"column":16}},"loc":{"start":{"line":8,"column":39},"end":{"line":34,"column":1}},"line":8},"1":{"name":"(anonymous_1)","decl":{"start":{"line":20,"column":20},"end":{"line":20,"column":21}},"loc":{"start":{"line":20,"column":26},"end":{"line":20,"column":41}},"line":20},"2":{"name":"(anonymous_2)","decl":{"start":{"line":29,"column":20},"end":{"line":29,"column":21}},"loc":{"start":{"line":29,"column":26},"end":{"line":29,"column":41}},"line":29},"3":{"name":"(anonymous_3)","decl":{"start":{"line":36,"column":24},"end":{"line":36,"column":25}},"loc":{"start":{"line":36,"column":40},"end":{"line":36,"column":49}},"line":36}},"branchMap":{},"s":{"0":3,"1":0,"2":0,"3":0,"4":3,"5":0},"f":{"0":0,"1":0,"2":0,"3":0},"b":{},"_coverageSchema":"43e27e138ebf9cfc5966b082cf9a028302ed4184","hash":"b6429f647bad2c80702ae9e274e8cc0636fcc99c"}
,"/Users/HTMusic/Desktop/PROJECTS/subdivision-app/gregg-fine-guitar-apps/subdivision-app_v5/src/components/lives/Lives.jsx": {"path":"/Users/HTMusic/Desktop/PROJECTS/subdivision-app/gregg-fine-guitar-apps/subdivision-app_v5/src/components/lives/Lives.jsx","statementMap":{"0":{"start":{"line":12,"column":14},"end":{"line":46,"column":1}},"1":{"start":{"line":13,"column":19},"end":{"line":13,"column":27}},"2":{"start":{"line":14,"column":23},"end":{"line":16,"column":3}},"3":{"start":{"line":15,"column":4},"end":{"line":15,"column":28}},"4":{"start":{"line":17,"column":27},"end":{"line":24,"column":3}},"5":{"start":{"line":18,"column":4},"end":{"line":20,"column":5}},"6":{"start":{"line":19,"column":6},"end":{"line":19,"column":17}},"7":{"start":{"line":22,"column":4},"end":{"line":22,"column":68}},"8":{"start":{"line":23,"column":4},"end":{"line":23,"column":40}},"9":{"start":{"line":26,"column":2},"end":{"line":45,"column":3}},"10":{"start":{"line":27,"column":4},"end":{"line":29,"column":13}},"11":{"start":{"line":28,"column":6},"end":{"line":28,"column":20}},"12":{"start":{"line":30,"column":4},"end":{"line":36,"column":6}},"13":{"start":{"line":38,"column":4},"end":{"line":44,"column":6}},"14":{"start":{"line":47,"column":24},"end":{"line":47,"column":50}},"15":{"start":{"line":47,"column":40},"end":{"line":47,"column":49}},"16":{"start":{"line":51,"column":0},"end":{"line":53,"column":2}}},"fnMap":{"0":{"name":"(anonymous_0)","decl":{"start":{"line":12,"column":14},"end":{"line":12,"column":15}},"loc":{"start":{"line":12,"column":42},"end":{"line":46,"column":1}},"line":12},"1":{"name":"(anonymous_1)","decl":{"start":{"line":14,"column":23},"end":{"line":14,"column":24}},"loc":{"start":{"line":14,"column":29},"end":{"line":16,"column":3}},"line":14},"2":{"name":"(anonymous_2)","decl":{"start":{"line":17,"column":27},"end":{"line":17,"column":28}},"loc":{"start":{"line":17,"column":53},"end":{"line":24,"column":3}},"line":17},"3":{"name":"(anonymous_3)","decl":{"start":{"line":27,"column":22},"end":{"line":27,"column":23}},"loc":{"start":{"line":27,"column":28},"end":{"line":29,"column":5}},"line":27},"4":{"name":"(anonymous_4)","decl":{"start":{"line":47,"column":24},"end":{"line":47,"column":25}},"loc":{"start":{"line":47,"column":40},"end":{"line":47,"column":49}},"line":47}},"branchMap":{"0":{"loc":{"start":{"line":17,"column":40},"end":{"line":17,"column":48}},"type":"default-arg","locations":[{"start":{"line":17,"column":46},"end":{"line":17,"column":48}}],"line":17},"1":{"loc":{"start":{"line":18,"column":4},"end":{"line":20,"column":5}},"type":"if","locations":[{"start":{"line":18,"column":4},"end":{"line":20,"column":5}},{"start":{"line":18,"column":4},"end":{"line":20,"column":5}}],"line":18},"2":{"loc":{"start":{"line":26,"column":2},"end":{"line":45,"column":3}},"type":"if","locations":[{"start":{"line":26,"column":2},"end":{"line":45,"column":3}},{"start":{"line":26,"column":2},"end":{"line":45,"column":3}}],"line":26}},"s":{"0":3,"1":0,"2":0,"3":0,"4":0,"5":0,"6":0,"7":0,"8":0,"9":0,"10":0,"11":0,"12":0,"13":0,"14":3,"15":0,"16":3},"f":{"0":0,"1":0,"2":0,"3":0,"4":0},"b":{"0":[0],"1":[0,0],"2":[0,0]},"_coverageSchema":"43e27e138ebf9cfc5966b082cf9a028302ed4184","hash":"7250a177450e8c2761dc91927ef2e49780dad263"}
,"/Users/HTMusic/Desktop/PROJECTS/subdivision-app/gregg-fine-guitar-apps/subdivision-app_v5/src/components/muteBtn/MuteBtn.jsx": {"path":"/Users/HTMusic/Desktop/PROJECTS/subdivision-app/gregg-fine-guitar-apps/subdivision-app_v5/src/components/muteBtn/MuteBtn.jsx","statementMap":{"0":{"start":{"line":6,"column":16},"end":{"line":16,"column":1}},"1":{"start":{"line":7,"column":2},"end":{"line":15,"column":4}},"2":{"start":{"line":20,"column":0},"end":{"line":23,"column":2}}},"fnMap":{"0":{"name":"(anonymous_0)","decl":{"start":{"line":6,"column":16},"end":{"line":6,"column":17}},"loc":{"start":{"line":6,"column":44},"end":{"line":16,"column":1}},"line":6}},"branchMap":{"0":{"loc":{"start":{"line":9,"column":7},"end":{"line":13,"column":7}},"type":"cond-expr","locations":[{"start":{"line":10,"column":8},"end":{"line":10,"column":61}},{"start":{"line":12,"column":8},"end":{"line":12,"column":62}}],"line":9}},"s":{"0":4,"1":1,"2":4},"f":{"0":1},"b":{"0":[0,1]},"_coverageSchema":"43e27e138ebf9cfc5966b082cf9a028302ed4184","hash":"22048c89124514d561d9b92fba5217cc468c5890"}
,"/Users/HTMusic/Desktop/PROJECTS/subdivision-app/gregg-fine-guitar-apps/subdivision-app_v5/src/components/question/Question.jsx": {"path":"/Users/HTMusic/Desktop/PROJECTS/subdivision-app/gregg-fine-guitar-apps/subdivision-app_v5/src/components/question/Question.jsx","statementMap":{"0":{"start":{"line":8,"column":17},"end":{"line":58,"column":1}},"1":{"start":{"line":9,"column":37},"end":{"line":9,"column":52}},"2":{"start":{"line":10,"column":36},"end":{"line":10,"column":47}},"3":{"start":{"line":12,"column":19},"end":{"line":12,"column":27}},"4":{"start":{"line":13,"column":2},"end":{"line":23,"column":17}},"5":{"start":{"line":14,"column":4},"end":{"line":22,"column":5}},"6":{"start":{"line":15,"column":6},"end":{"line":15,"column":27}},"7":{"start":{"line":16,"column":6},"end":{"line":21,"column":15}},"8":{"start":{"line":17,"column":8},"end":{"line":19,"column":9}},"9":{"start":{"line":18,"column":10},"end":{"line":18,"column":27}},"10":{"start":{"line":20,"column":8},"end":{"line":20,"column":32}},"11":{"start":{"line":25,"column":24},"end":{"line":30,"column":3}},"12":{"start":{"line":26,"column":4},"end":{"line":26,"column":37}},"13":{"start":{"line":27,"column":4},"end":{"line":27,"column":30}},"14":{"start":{"line":28,"column":4},"end":{"line":28,"column":122}},"15":{"start":{"line":29,"column":4},"end":{"line":29,"column":28}},"16":{"start":{"line":32,"column":31},"end":{"line":36,"column":3}},"17":{"start":{"line":33,"column":4},"end":{"line":35,"column":5}},"18":{"start":{"line":34,"column":6},"end":{"line":34,"column":28}},"19":{"start":{"line":38,"column":2},"end":{"line":57,"column":4}},"20":{"start":{"line":60,"column":24},"end":{"line":64,"column":2}},"21":{"start":{"line":60,"column":57},"end":{"line":64,"column":1}},"22":{"start":{"line":68,"column":0},"end":{"line":72,"column":2}}},"fnMap":{"0":{"name":"(anonymous_0)","decl":{"start":{"line":8,"column":17},"end":{"line":8,"column":18}},"loc":{"start":{"line":8,"column":56},"end":{"line":58,"column":1}},"line":8},"1":{"name":"(anonymous_1)","decl":{"start":{"line":13,"column":12},"end":{"line":13,"column":13}},"loc":{"start":{"line":13,"column":18},"end":{"line":23,"column":3}},"line":13},"2":{"name":"(anonymous_2)","decl":{"start":{"line":16,"column":24},"end":{"line":16,"column":25}},"loc":{"start":{"line":16,"column":30},"end":{"line":21,"column":7}},"line":16},"3":{"name":"(anonymous_3)","decl":{"start":{"line":25,"column":24},"end":{"line":25,"column":25}},"loc":{"start":{"line":25,"column":30},"end":{"line":30,"column":3}},"line":25},"4":{"name":"(anonymous_4)","decl":{"start":{"line":32,"column":31},"end":{"line":32,"column":32}},"loc":{"start":{"line":32,"column":37},"end":{"line":36,"column":3}},"line":32},"5":{"name":"(anonymous_5)","decl":{"start":{"line":60,"column":24},"end":{"line":60,"column":25}},"loc":{"start":{"line":60,"column":57},"end":{"line":64,"column":1}},"line":60}},"branchMap":{"0":{"loc":{"start":{"line":14,"column":4},"end":{"line":22,"column":5}},"type":"if","locations":[{"start":{"line":14,"column":4},"end":{"line":22,"column":5}},{"start":{"line":14,"column":4},"end":{"line":22,"column":5}}],"line":14},"1":{"loc":{"start":{"line":17,"column":8},"end":{"line":19,"column":9}},"type":"if","locations":[{"start":{"line":17,"column":8},"end":{"line":19,"column":9}},{"start":{"line":17,"column":8},"end":{"line":19,"column":9}}],"line":17},"2":{"loc":{"start":{"line":33,"column":4},"end":{"line":35,"column":5}},"type":"if","locations":[{"start":{"line":33,"column":4},"end":{"line":35,"column":5}},{"start":{"line":33,"column":4},"end":{"line":35,"column":5}}],"line":33}},"s":{"0":3,"1":0,"2":0,"3":0,"4":0,"5":0,"6":0,"7":0,"8":0,"9":0,"10":0,"11":0,"12":0,"13":0,"14":0,"15":0,"16":0,"17":0,"18":0,"19":0,"20":3,"21":0,"22":3},"f":{"0":0,"1":0,"2":0,"3":0,"4":0,"5":0},"b":{"0":[0,0],"1":[0,0],"2":[0,0]},"_coverageSchema":"43e27e138ebf9cfc5966b082cf9a028302ed4184","hash":"133b1aaac1521d3087ba19a95d159a8e312d4688"}
,"/Users/HTMusic/Desktop/PROJECTS/subdivision-app/gregg-fine-guitar-apps/subdivision-app_v5/src/components/score/Score.jsx": {"path":"/Users/HTMusic/Desktop/PROJECTS/subdivision-app/gregg-fine-guitar-apps/subdivision-app_v5/src/components/score/Score.jsx","statementMap":{"0":{"start":{"line":9,"column":14},"end":{"line":14,"column":1}},"1":{"start":{"line":10,"column":2},"end":{"line":13,"column":8}},"2":{"start":{"line":16,"column":24},"end":{"line":16,"column":50}},"3":{"start":{"line":16,"column":40},"end":{"line":16,"column":49}},"4":{"start":{"line":20,"column":0},"end":{"line":22,"column":2}}},"fnMap":{"0":{"name":"(anonymous_0)","decl":{"start":{"line":9,"column":14},"end":{"line":9,"column":15}},"loc":{"start":{"line":10,"column":2},"end":{"line":13,"column":8}},"line":10},"1":{"name":"(anonymous_1)","decl":{"start":{"line":16,"column":24},"end":{"line":16,"column":25}},"loc":{"start":{"line":16,"column":40},"end":{"line":16,"column":49}},"line":16}},"branchMap":{},"s":{"0":3,"1":0,"2":3,"3":0,"4":3},"f":{"0":0,"1":0},"b":{},"_coverageSchema":"43e27e138ebf9cfc5966b082cf9a028302ed4184","hash":"56857c2947733ca111da92b5af62304bae943a31"}
,"/Users/HTMusic/Desktop/PROJECTS/subdivision-app/gregg-fine-guitar-apps/subdivision-app_v5/src/components/scoreboard/ScoreBoard.jsx": {"path":"/Users/HTMusic/Desktop/PROJECTS/subdivision-app/gregg-fine-guitar-apps/subdivision-app_v5/src/components/scoreboard/ScoreBoard.jsx","statementMap":{"0":{"start":{"line":9,"column":19},"end":{"line":19,"column":1}},"1":{"start":{"line":10,"column":2},"end":{"line":18,"column":4}}},"fnMap":{"0":{"name":"(anonymous_0)","decl":{"start":{"line":9,"column":19},"end":{"line":9,"column":20}},"loc":{"start":{"line":9,"column":25},"end":{"line":19,"column":1}},"line":9}},"branchMap":{},"s":{"0":3,"1":0},"f":{"0":0},"b":{},"_coverageSchema":"43e27e138ebf9cfc5966b082cf9a028302ed4184","hash":"8be9679399feee82a475a78852626752a233323c"}
,"/Users/HTMusic/Desktop/PROJECTS/subdivision-app/gregg-fine-guitar-apps/subdivision-app_v5/src/components/startGameDisplay/StartGameDisplay.jsx": {"path":"/Users/HTMusic/Desktop/PROJECTS/subdivision-app/gregg-fine-guitar-apps/subdivision-app_v5/src/components/startGameDisplay/StartGameDisplay.jsx","statementMap":{"0":{"start":{"line":11,"column":25},"end":{"line":37,"column":1}},"1":{"start":{"line":12,"column":2},"end":{"line":36,"column":14}}},"fnMap":{"0":{"name":"(anonymous_0)","decl":{"start":{"line":11,"column":25},"end":{"line":11,"column":26}},"loc":{"start":{"line":12,"column":2},"end":{"line":36,"column":14}},"line":12}},"branchMap":{},"s":{"0":3,"1":0},"f":{"0":0},"b":{},"_coverageSchema":"43e27e138ebf9cfc5966b082cf9a028302ed4184","hash":"e86fe3e2c24cd56bf9a6349efcedef958f94d6cd"}
,"/Users/HTMusic/Desktop/PROJECTS/subdivision-app/gregg-fine-guitar-apps/subdivision-app_v5/src/components/subdivisionApp/SubdivisionApp.jsx": {"path":"/Users/HTMusic/Desktop/PROJECTS/subdivision-app/gregg-fine-guitar-apps/subdivision-app_v5/src/components/subdivisionApp/SubdivisionApp.jsx","statementMap":{"0":{"start":{"line":18,"column":31},"end":{"line":18,"column":42}},"1":{"start":{"line":19,"column":2},"end":{"line":36,"column":4}},"2":{"start":{"line":39,"column":24},"end":{"line":39,"column":78}},"3":{"start":{"line":39,"column":54},"end":{"line":39,"column":77}}},"fnMap":{"0":{"name":"SubdivisionApp","decl":{"start":{"line":17,"column":9},"end":{"line":17,"column":23}},"loc":{"start":{"line":17,"column":49},"end":{"line":37,"column":1}},"line":17},"1":{"name":"(anonymous_1)","decl":{"start":{"line":39,"column":24},"end":{"line":39,"column":25}},"loc":{"start":{"line":39,"column":54},"end":{"line":39,"column":77}},"line":39}},"branchMap":{"0":{"loc":{"start":{"line":19,"column":9},"end":{"line":36,"column":3}},"type":"cond-expr","locations":[{"start":{"line":20,"column":4},"end":{"line":20,"column":23}},{"start":{"line":21,"column":6},"end":{"line":36,"column":3}}],"line":19},"1":{"loc":{"start":{"line":21,"column":6},"end":{"line":36,"column":3}},"type":"cond-expr","locations":[{"start":{"line":22,"column":4},"end":{"line":22,"column":24}},{"start":{"line":24,"column":4},"end":{"line":35,"column":10}}],"line":21}},"s":{"0":0,"1":0,"2":3,"3":0},"f":{"0":0,"1":0},"b":{"0":[0,0],"1":[0,0]},"_coverageSchema":"43e27e138ebf9cfc5966b082cf9a028302ed4184","hash":"b093f1f1cccc4de15b64484b74c47b6255eb6a45"}
,"/Users/HTMusic/Desktop/PROJECTS/subdivision-app/gregg-fine-guitar-apps/subdivision-app_v5/src/components/tip/Tip.jsx": {"path":"/Users/HTMusic/Desktop/PROJECTS/subdivision-app/gregg-fine-guitar-apps/subdivision-app_v5/src/components/tip/Tip.jsx","statementMap":{"0":{"start":{"line":9,"column":12},"end":{"line":50,"column":1}},"1":{"start":{"line":10,"column":39},"end":{"line":10,"column":50}},"2":{"start":{"line":12,"column":2},"end":{"line":49,"column":4}},"3":{"start":{"line":52,"column":0},"end":{"line":55,"column":2}}},"fnMap":{"0":{"name":"(anonymous_0)","decl":{"start":{"line":9,"column":12},"end":{"line":9,"column":13}},"loc":{"start":{"line":9,"column":28},"end":{"line":50,"column":1}},"line":9}},"branchMap":{},"s":{"0":4,"1":4,"2":4,"3":4},"f":{"0":4},"b":{},"_coverageSchema":"43e27e138ebf9cfc5966b082cf9a028302ed4184","hash":"c629e1fc2759345904b0adfa2a8c1e8fa0f672ac"}
,"/Users/HTMusic/Desktop/PROJECTS/subdivision-app/gregg-fine-guitar-apps/subdivision-app_v5/src/components/tip-muteBtn-wrapper/TipMuteBtnWrapper.jsx": {"path":"/Users/HTMusic/Desktop/PROJECTS/subdivision-app/gregg-fine-guitar-apps/subdivision-app_v5/src/components/tip-muteBtn-wrapper/TipMuteBtnWrapper.jsx","statementMap":{"0":{"start":{"line":4,"column":26},"end":{"line":6,"column":1}},"1":{"start":{"line":5,"column":2},"end":{"line":5,"column":69}}},"fnMap":{"0":{"name":"(anonymous_0)","decl":{"start":{"line":4,"column":26},"end":{"line":4,"column":27}},"loc":{"start":{"line":4,"column":35},"end":{"line":6,"column":1}},"line":4}},"branchMap":{},"s":{"0":3,"1":0},"f":{"0":0},"b":{},"_coverageSchema":"43e27e138ebf9cfc5966b082cf9a028302ed4184","hash":"d0bf9cfde482488d511db43935a3d95ad1bc33f9"}
,"/Users/HTMusic/Desktop/PROJECTS/subdivision-app/gregg-fine-guitar-apps/subdivision-app_v5/src/hooks/toggleHook.jsx": {"path":"/Users/HTMusic/Desktop/PROJECTS/subdivision-app/gregg-fine-guitar-apps/subdivision-app_v5/src/hooks/toggleHook.jsx","statementMap":{"0":{"start":{"line":3,"column":25},"end":{"line":10,"column":1}},"1":{"start":{"line":4,"column":28},"end":{"line":4,"column":50}},"2":{"start":{"line":6,"column":23},"end":{"line":8,"column":3}},"3":{"start":{"line":7,"column":4},"end":{"line":7,"column":21}},"4":{"start":{"line":9,"column":2},"end":{"line":9,"column":31}}},"fnMap":{"0":{"name":"(anonymous_0)","decl":{"start":{"line":3,"column":25},"end":{"line":3,"column":26}},"loc":{"start":{"line":3,"column":51},"end":{"line":10,"column":1}},"line":3},"1":{"name":"(anonymous_1)","decl":{"start":{"line":6,"column":23},"end":{"line":6,"column":24}},"loc":{"start":{"line":6,"column":29},"end":{"line":8,"column":3}},"line":6}},"branchMap":{"0":{"loc":{"start":{"line":3,"column":26},"end":{"line":3,"column":46}},"type":"default-arg","locations":[{"start":{"line":3,"column":41},"end":{"line":3,"column":46}}],"line":3}},"s":{"0":4,"1":4,"2":4,"3":1,"4":4},"f":{"0":4,"1":1},"b":{"0":[4]},"_coverageSchema":"43e27e138ebf9cfc5966b082cf9a028302ed4184","hash":"f152a1b1036b03ddf1d986d0d837adc1fd4e3041"}
,"/Users/HTMusic/Desktop/PROJECTS/subdivision-app/gregg-fine-guitar-apps/subdivision-app_v5/src/reducers/chancesReducer.js": {"path":"/Users/HTMusic/Desktop/PROJECTS/subdivision-app/gregg-fine-guitar-apps/subdivision-app_v5/src/reducers/chancesReducer.js","statementMap":{"0":{"start":{"line":7,"column":30},"end":{"line":18,"column":1}},"1":{"start":{"line":8,"column":2},"end":{"line":17,"column":3}},"2":{"start":{"line":10,"column":6},"end":{"line":10,"column":23}},"3":{"start":{"line":12,"column":6},"end":{"line":12,"column":23}},"4":{"start":{"line":14,"column":6},"end":{"line":14,"column":15}},"5":{"start":{"line":16,"column":6},"end":{"line":16,"column":19}}},"fnMap":{"0":{"name":"(anonymous_0)","decl":{"start":{"line":7,"column":30},"end":{"line":7,"column":31}},"loc":{"start":{"line":7,"column":53},"end":{"line":18,"column":1}},"line":7}},"branchMap":{"0":{"loc":{"start":{"line":7,"column":31},"end":{"line":7,"column":40}},"type":"default-arg","locations":[{"start":{"line":7,"column":39},"end":{"line":7,"column":40}}],"line":7},"1":{"loc":{"start":{"line":8,"column":2},"end":{"line":17,"column":3}},"type":"switch","locations":[{"start":{"line":9,"column":4},"end":{"line":10,"column":23}},{"start":{"line":11,"column":4},"end":{"line":12,"column":23}},{"start":{"line":13,"column":4},"end":{"line":14,"column":15}},{"start":{"line":15,"column":4},"end":{"line":16,"column":19}}],"line":8}},"s":{"0":3,"1":9,"2":0,"3":0,"4":0,"5":9},"f":{"0":9},"b":{"0":[9],"1":[0,0,0,9]},"_coverageSchema":"43e27e138ebf9cfc5966b082cf9a028302ed4184","hash":"1bb8af3befe0ee6c994f1f4d008a22cad7f4b015"}
,"/Users/HTMusic/Desktop/PROJECTS/subdivision-app/gregg-fine-guitar-apps/subdivision-app_v5/src/reducers/gameOverReducer.js": {"path":"/Users/HTMusic/Desktop/PROJECTS/subdivision-app/gregg-fine-guitar-apps/subdivision-app_v5/src/reducers/gameOverReducer.js","statementMap":{"0":{"start":{"line":3,"column":31},"end":{"line":12,"column":1}},"1":{"start":{"line":4,"column":2},"end":{"line":11,"column":3}},"2":{"start":{"line":6,"column":6},"end":{"line":6,"column":18}},"3":{"start":{"line":8,"column":6},"end":{"line":8,"column":19}},"4":{"start":{"line":10,"column":6},"end":{"line":10,"column":19}}},"fnMap":{"0":{"name":"(anonymous_0)","decl":{"start":{"line":3,"column":31},"end":{"line":3,"column":32}},"loc":{"start":{"line":3,"column":58},"end":{"line":12,"column":1}},"line":3}},"branchMap":{"0":{"loc":{"start":{"line":3,"column":32},"end":{"line":3,"column":45}},"type":"default-arg","locations":[{"start":{"line":3,"column":40},"end":{"line":3,"column":45}}],"line":3},"1":{"loc":{"start":{"line":4,"column":2},"end":{"line":11,"column":3}},"type":"switch","locations":[{"start":{"line":5,"column":4},"end":{"line":6,"column":18}},{"start":{"line":7,"column":4},"end":{"line":8,"column":19}},{"start":{"line":9,"column":4},"end":{"line":10,"column":19}}],"line":4}},"s":{"0":3,"1":9,"2":0,"3":0,"4":9},"f":{"0":9},"b":{"0":[9],"1":[0,0,9]},"_coverageSchema":"43e27e138ebf9cfc5966b082cf9a028302ed4184","hash":"ed4cb3a5075bf3f4c960cf67462eb60b09061f64"}
,"/Users/HTMusic/Desktop/PROJECTS/subdivision-app/gregg-fine-guitar-apps/subdivision-app_v5/src/reducers/index.js": {"path":"/Users/HTMusic/Desktop/PROJECTS/subdivision-app/gregg-fine-guitar-apps/subdivision-app_v5/src/reducers/index.js","statementMap":{"0":{"start":{"line":11,"column":27},"end":{"line":20,"column":2}}},"fnMap":{},"branchMap":{},"s":{"0":3},"f":{},"b":{},"_coverageSchema":"43e27e138ebf9cfc5966b082cf9a028302ed4184","hash":"0e0d37f7c2b41b4eca09b3ac82622115e38ee9e9"}
,"/Users/HTMusic/Desktop/PROJECTS/subdivision-app/gregg-fine-guitar-apps/subdivision-app_v5/src/reducers/livesReducer.js": {"path":"/Users/HTMusic/Desktop/PROJECTS/subdivision-app/gregg-fine-guitar-apps/subdivision-app_v5/src/reducers/livesReducer.js","statementMap":{"0":{"start":{"line":3,"column":28},"end":{"line":12,"column":1}},"1":{"start":{"line":4,"column":2},"end":{"line":11,"column":3}},"2":{"start":{"line":6,"column":6},"end":{"line":6,"column":23}},"3":{"start":{"line":8,"column":6},"end":{"line":8,"column":15}},"4":{"start":{"line":10,"column":6},"end":{"line":10,"column":19}}},"fnMap":{"0":{"name":"(anonymous_0)","decl":{"start":{"line":3,"column":28},"end":{"line":3,"column":29}},"loc":{"start":{"line":3,"column":51},"end":{"line":12,"column":1}},"line":3}},"branchMap":{"0":{"loc":{"start":{"line":3,"column":29},"end":{"line":3,"column":38}},"type":"default-arg","locations":[{"start":{"line":3,"column":37},"end":{"line":3,"column":38}}],"line":3},"1":{"loc":{"start":{"line":4,"column":2},"end":{"line":11,"column":3}},"type":"switch","locations":[{"start":{"line":5,"column":4},"end":{"line":6,"column":23}},{"start":{"line":7,"column":4},"end":{"line":8,"column":15}},{"start":{"line":9,"column":4},"end":{"line":10,"column":19}}],"line":4}},"s":{"0":3,"1":9,"2":0,"3":0,"4":9},"f":{"0":9},"b":{"0":[9],"1":[0,0,9]},"_coverageSchema":"43e27e138ebf9cfc5966b082cf9a028302ed4184","hash":"924b4ba01e9d73425dcbbfe8c3db927f23f3964c"}
,"/Users/HTMusic/Desktop/PROJECTS/subdivision-app/gregg-fine-guitar-apps/subdivision-app_v5/src/reducers/modeReducer.js": {"path":"/Users/HTMusic/Desktop/PROJECTS/subdivision-app/gregg-fine-guitar-apps/subdivision-app_v5/src/reducers/modeReducer.js","statementMap":{"0":{"start":{"line":6,"column":27},"end":{"line":24,"column":1}},"1":{"start":{"line":7,"column":2},"end":{"line":23,"column":3}},"2":{"start":{"line":9,"column":6},"end":{"line":19,"column":7}},"3":{"start":{"line":10,"column":8},"end":{"line":13,"column":10}},"4":{"start":{"line":15,"column":8},"end":{"line":18,"column":10}},"5":{"start":{"line":22,"column":6},"end":{"line":22,"column":19}}},"fnMap":{"0":{"name":"(anonymous_0)","decl":{"start":{"line":6,"column":27},"end":{"line":6,"column":28}},"loc":{"start":{"line":6,"column":78},"end":{"line":24,"column":1}},"line":6}},"branchMap":{"0":{"loc":{"start":{"line":6,"column":28},"end":{"line":6,"column":65}},"type":"default-arg","locations":[{"start":{"line":6,"column":36},"end":{"line":6,"column":65}}],"line":6},"1":{"loc":{"start":{"line":7,"column":2},"end":{"line":23,"column":3}},"type":"switch","locations":[{"start":{"line":8,"column":4},"end":{"line":19,"column":7}},{"start":{"line":21,"column":4},"end":{"line":22,"column":19}}],"line":7},"2":{"loc":{"start":{"line":9,"column":6},"end":{"line":19,"column":7}},"type":"if","locations":[{"start":{"line":9,"column":6},"end":{"line":19,"column":7}},{"start":{"line":9,"column":6},"end":{"line":19,"column":7}}],"line":9}},"s":{"0":3,"1":9,"2":0,"3":0,"4":0,"5":9},"f":{"0":9},"b":{"0":[9],"1":[0,9],"2":[0,0]},"_coverageSchema":"43e27e138ebf9cfc5966b082cf9a028302ed4184","hash":"cbb5d794d6d3051d60a1bf4775544df1c913f30d"}
,"/Users/HTMusic/Desktop/PROJECTS/subdivision-app/gregg-fine-guitar-apps/subdivision-app_v5/src/reducers/playNextReducer.js": {"path":"/Users/HTMusic/Desktop/PROJECTS/subdivision-app/gregg-fine-guitar-apps/subdivision-app_v5/src/reducers/playNextReducer.js","statementMap":{"0":{"start":{"line":5,"column":31},"end":{"line":5,"column":54}},"1":{"start":{"line":7,"column":12},"end":{"line":7,"column":13}},"2":{"start":{"line":9,"column":31},"end":{"line":30,"column":1}},"3":{"start":{"line":16,"column":2},"end":{"line":29,"column":3}},"4":{"start":{"line":18,"column":6},"end":{"line":18,"column":14}},"5":{"start":{"line":19,"column":6},"end":{"line":19,"column":76}},"6":{"start":{"line":20,"column":6},"end":{"line":22,"column":7}},"7":{"start":{"line":21,"column":8},"end":{"line":21,"column":20}},"8":{"start":{"line":23,"column":6},"end":{"line":26,"column":8}},"9":{"start":{"line":28,"column":6},"end":{"line":28,"column":19}}},"fnMap":{"0":{"name":"(anonymous_0)","decl":{"start":{"line":9,"column":31},"end":{"line":9,"column":32}},"loc":{"start":{"line":15,"column":5},"end":{"line":30,"column":1}},"line":15}},"branchMap":{"0":{"loc":{"start":{"line":10,"column":2},"end":{"line":13,"column":3}},"type":"default-arg","locations":[{"start":{"line":10,"column":10},"end":{"line":13,"column":3}}],"line":10},"1":{"loc":{"start":{"line":16,"column":2},"end":{"line":29,"column":3}},"type":"switch","locations":[{"start":{"line":17,"column":4},"end":{"line":26,"column":8}},{"start":{"line":27,"column":4},"end":{"line":28,"column":19}}],"line":16}},"s":{"0":3,"1":3,"2":3,"3":9,"4":0,"5":0,"6":0,"7":0,"8":0,"9":9},"f":{"0":9},"b":{"0":[9],"1":[0,9]},"_coverageSchema":"43e27e138ebf9cfc5966b082cf9a028302ed4184","hash":"3ad266a30956a976fac31c058b35043f8754f5d3"}
,"/Users/HTMusic/Desktop/PROJECTS/subdivision-app/gregg-fine-guitar-apps/subdivision-app_v5/src/reducers/questionReducer.js": {"path":"/Users/HTMusic/Desktop/PROJECTS/subdivision-app/gregg-fine-guitar-apps/subdivision-app_v5/src/reducers/questionReducer.js","statementMap":{"0":{"start":{"line":5,"column":15},"end":{"line":5,"column":37}},"1":{"start":{"line":7,"column":28},"end":{"line":13,"column":1}},"2":{"start":{"line":8,"column":22},"end":{"line":8,"column":34}},"3":{"start":{"line":9,"column":2},"end":{"line":12,"column":4}},"4":{"start":{"line":15,"column":31},"end":{"line":25,"column":1}},"5":{"start":{"line":19,"column":2},"end":{"line":24,"column":3}},"6":{"start":{"line":21,"column":6},"end":{"line":21,"column":34}},"7":{"start":{"line":23,"column":6},"end":{"line":23,"column":19}}},"fnMap":{"0":{"name":"(anonymous_0)","decl":{"start":{"line":7,"column":28},"end":{"line":7,"column":29}},"loc":{"start":{"line":7,"column":35},"end":{"line":13,"column":1}},"line":7},"1":{"name":"(anonymous_1)","decl":{"start":{"line":15,"column":31},"end":{"line":15,"column":32}},"loc":{"start":{"line":18,"column":5},"end":{"line":25,"column":1}},"line":18}},"branchMap":{"0":{"loc":{"start":{"line":16,"column":2},"end":{"line":16,"column":62}},"type":"default-arg","locations":[{"start":{"line":16,"column":10},"end":{"line":16,"column":62}}],"line":16},"1":{"loc":{"start":{"line":19,"column":2},"end":{"line":24,"column":3}},"type":"switch","locations":[{"start":{"line":20,"column":4},"end":{"line":21,"column":34}},{"start":{"line":22,"column":4},"end":{"line":23,"column":19}}],"line":19}},"s":{"0":4,"1":4,"2":0,"3":0,"4":4,"5":9,"6":0,"7":9},"f":{"0":0,"1":9},"b":{"0":[9],"1":[0,9]},"_coverageSchema":"43e27e138ebf9cfc5966b082cf9a028302ed4184","hash":"e309504071d795183cd1b98f9cf3871786bd53d8"}
,"/Users/HTMusic/Desktop/PROJECTS/subdivision-app/gregg-fine-guitar-apps/subdivision-app_v5/src/reducers/scoreReducer.js": {"path":"/Users/HTMusic/Desktop/PROJECTS/subdivision-app/gregg-fine-guitar-apps/subdivision-app_v5/src/reducers/scoreReducer.js","statementMap":{"0":{"start":{"line":3,"column":28},"end":{"line":12,"column":1}},"1":{"start":{"line":4,"column":2},"end":{"line":11,"column":3}},"2":{"start":{"line":6,"column":6},"end":{"line":6,"column":25}},"3":{"start":{"line":8,"column":6},"end":{"line":8,"column":15}},"4":{"start":{"line":10,"column":6},"end":{"line":10,"column":19}}},"fnMap":{"0":{"name":"(anonymous_0)","decl":{"start":{"line":3,"column":28},"end":{"line":3,"column":29}},"loc":{"start":{"line":3,"column":51},"end":{"line":12,"column":1}},"line":3}},"branchMap":{"0":{"loc":{"start":{"line":3,"column":29},"end":{"line":3,"column":38}},"type":"default-arg","locations":[{"start":{"line":3,"column":37},"end":{"line":3,"column":38}}],"line":3},"1":{"loc":{"start":{"line":4,"column":2},"end":{"line":11,"column":3}},"type":"switch","locations":[{"start":{"line":5,"column":4},"end":{"line":6,"column":25}},{"start":{"line":7,"column":4},"end":{"line":8,"column":15}},{"start":{"line":9,"column":4},"end":{"line":10,"column":19}}],"line":4}},"s":{"0":3,"1":9,"2":0,"3":0,"4":9},"f":{"0":9},"b":{"0":[9],"1":[0,0,9]},"_coverageSchema":"43e27e138ebf9cfc5966b082cf9a028302ed4184","hash":"c90e52a76839935f0e2dd5b3ea0790429fc43147"}
,"/Users/HTMusic/Desktop/PROJECTS/subdivision-app/gregg-fine-guitar-apps/subdivision-app_v5/src/reducers/startGameReducer.js": {"path":"/Users/HTMusic/Desktop/PROJECTS/subdivision-app/gregg-fine-guitar-apps/subdivision-app_v5/src/reducers/startGameReducer.js","statementMap":{"0":{"start":{"line":3,"column":32},"end":{"line":10,"column":1}},"1":{"start":{"line":4,"column":2},"end":{"line":9,"column":3}},"2":{"start":{"line":6,"column":6},"end":{"line":6,"column":18}},"3":{"start":{"line":8,"column":6},"end":{"line":8,"column":19}}},"fnMap":{"0":{"name":"(anonymous_0)","decl":{"start":{"line":3,"column":32},"end":{"line":3,"column":33}},"loc":{"start":{"line":3,"column":59},"end":{"line":10,"column":1}},"line":3}},"branchMap":{"0":{"loc":{"start":{"line":3,"column":33},"end":{"line":3,"column":46}},"type":"default-arg","locations":[{"start":{"line":3,"column":41},"end":{"line":3,"column":46}}],"line":3},"1":{"loc":{"start":{"line":4,"column":2},"end":{"line":9,"column":3}},"type":"switch","locations":[{"start":{"line":5,"column":4},"end":{"line":6,"column":18}},{"start":{"line":7,"column":4},"end":{"line":8,"column":19}}],"line":4}},"s":{"0":3,"1":9,"2":0,"3":9},"f":{"0":9},"b":{"0":[9],"1":[0,9]},"_coverageSchema":"43e27e138ebf9cfc5966b082cf9a028302ed4184","hash":"f7f4cfc01071297bed5d145479f8b2ba108fbe12"}
,"/Users/HTMusic/Desktop/PROJECTS/subdivision-app/gregg-fine-guitar-apps/subdivision-app_v5/src/util/helpers.js": {"path":"/Users/HTMusic/Desktop/PROJECTS/subdivision-app/gregg-fine-guitar-apps/subdivision-app_v5/src/util/helpers.js","statementMap":{"0":{"start":{"line":4,"column":28},"end":{"line":6,"column":1}},"1":{"start":{"line":5,"column":2},"end":{"line":5,"column":30}}},"fnMap":{"0":{"name":"(anonymous_0)","decl":{"start":{"line":4,"column":28},"end":{"line":4,"column":29}},"loc":{"start":{"line":4,"column":34},"end":{"line":6,"column":1}},"line":4}},"branchMap":{},"s":{"0":5,"1":5},"f":{"0":5},"b":{},"_coverageSchema":"43e27e138ebf9cfc5966b082cf9a028302ed4184","hash":"ef44af6d1bb80075ad7aab950a8aaf39e2f2b29c"}
,"/Users/HTMusic/Desktop/PROJECTS/subdivision-app/gregg-fine-guitar-apps/subdivision-app_v5/src/util/startStopData.js": {"path":"/Users/HTMusic/Desktop/PROJECTS/subdivision-app/gregg-fine-guitar-apps/subdivision-app_v5/src/util/startStopData.js","statementMap":{"0":{"start":{"line":1,"column":12},"end":{"line":1,"column":15}}},"fnMap":{},"branchMap":{},"s":{"0":3},"f":{},"b":{},"_coverageSchema":"43e27e138ebf9cfc5966b082cf9a028302ed4184","hash":"5076dffae07e6b79bc20560d55aa831986ac4c99"}
,"/Users/HTMusic/Desktop/PROJECTS/subdivision-app/gregg-fine-guitar-apps/subdivision-app_v5/src/util/tipsData.js": {"path":"/Users/HTMusic/Desktop/PROJECTS/subdivision-app/gregg-fine-guitar-apps/subdivision-app_v5/src/util/tipsData.js","statementMap":{},"fnMap":{},"branchMap":{},"s":{},"f":{},"b":{},"_coverageSchema":"43e27e138ebf9cfc5966b082cf9a028302ed4184","hash":"efcd79c1b2c61eba9140f333357cd110bd4e5f6b"}
}
