TN:
SF:/Users/HTMusic/Desktop/PROJECTS/subdivision-app/gregg-fine-guitar-apps/subdivision-app_v5/src/App.js
FN:7,App
FNF:1
FNH:1
FNDA:3,App
DA:8,3
LF:1
LH:1
BRF:0
BRH:0
end_of_record
TN:
SF:/Users/HTMusic/Desktop/PROJECTS/subdivision-app/gregg-fine-guitar-apps/subdivision-app_v5/src/actions.js
FNF:0
FNH:0
DA:1,4
DA:2,4
DA:3,4
DA:4,4
DA:5,4
DA:6,4
DA:7,4
DA:8,4
LF:8
LH:8
BRF:0
BRH:0
end_of_record
TN:
SF:/Users/HTMusic/Desktop/PROJECTS/subdivision-app/gregg-fine-guitar-apps/subdivision-app_v5/src/index.js
FNF:0
FNH:0
DA:10,3
DA:11,3
DA:16,3
DA:27,3
LF:4
LH:4
BRDA:10,0,0,3
BRDA:10,0,1,3
BRDA:20,1,0,3
BRDA:20,1,1,3
BRF:4
BRH:4
end_of_record
TN:
SF:/Users/HTMusic/Desktop/PROJECTS/subdivision-app/gregg-fine-guitar-apps/subdivision-app_v5/src/serviceWorker.js
FN:23,register
FN:34,(anonymous_1)
FN:43,(anonymous_2)
FN:57,registerValidSW
FN:60,(anonymous_4)
FN:61,(anonymous_5)
FN:66,(anonymous_6)
FN:96,(anonymous_7)
FN:101,checkValidServiceWorker
FN:106,(anonymous_9)
FN:114,(anonymous_10)
FN:115,(anonymous_11)
FN:124,(anonymous_12)
FN:131,unregister
FN:133,(anonymous_14)
FNF:15
FNH:1
FNDA:0,register
FNDA:0,(anonymous_1)
FNDA:0,(anonymous_2)
FNDA:0,registerValidSW
FNDA:0,(anonymous_4)
FNDA:0,(anonymous_5)
FNDA:0,(anonymous_6)
FNDA:0,(anonymous_7)
FNDA:0,checkValidServiceWorker
FNDA:0,(anonymous_9)
FNDA:0,(anonymous_10)
FNDA:0,(anonymous_11)
FNDA:0,(anonymous_12)
FNDA:3,unregister
FNDA:0,(anonymous_14)
DA:13,3
DA:24,0
DA:26,0
DA:27,0
DA:31,0
DA:34,0
DA:35,0
DA:37,0
DA:39,0
DA:43,0
DA:44,0
DA:51,0
DA:58,0
DA:61,0
DA:62,0
DA:63,0
DA:64,0
DA:66,0
DA:67,0
DA:68,0
DA:72,0
DA:78,0
DA:79,0
DA:85,0
DA:88,0
DA:89,0
DA:97,0
DA:103,0
DA:108,0
DA:109,0
DA:114,0
DA:115,0
DA:116,0
DA:121,0
DA:125,0
DA:132,3
DA:133,0
DA:134,0
LF:38
LH:2
BRDA:14,0,0,3
BRDA:14,0,1,0
BRDA:14,0,2,0
BRDA:24,1,0,0
BRDA:24,1,1,0
BRDA:24,2,0,0
BRDA:24,2,1,0
BRDA:27,3,0,0
BRDA:27,3,1,0
BRDA:37,4,0,0
BRDA:37,4,1,0
BRDA:63,5,0,0
BRDA:63,5,1,0
BRDA:67,6,0,0
BRDA:67,6,1,0
BRDA:68,7,0,0
BRDA:68,7,1,0
BRDA:78,8,0,0
BRDA:78,8,1,0
BRDA:78,9,0,0
BRDA:78,9,1,0
BRDA:88,10,0,0
BRDA:88,10,1,0
BRDA:88,11,0,0
BRDA:88,11,1,0
BRDA:109,12,0,0
BRDA:109,12,1,0
BRDA:110,13,0,0
BRDA:110,13,1,0
BRDA:110,13,2,0
BRDA:132,14,0,0
BRDA:132,14,1,3
BRF:32
BRH:2
end_of_record
TN:
SF:/Users/HTMusic/Desktop/PROJECTS/subdivision-app/gregg-fine-guitar-apps/subdivision-app_v5/src/action-creators/getRandQuestionAction.js
FN:3,(anonymous_0)
FNF:1
FNH:0
FNDA:0,(anonymous_0)
DA:3,3
DA:4,0
LF:2
LH:1
BRF:0
BRH:0
end_of_record
TN:
SF:/Users/HTMusic/Desktop/PROJECTS/subdivision-app/gregg-fine-guitar-apps/subdivision-app_v5/src/action-creators/handleAnswers.js
FN:3,(anonymous_0)
FN:7,(anonymous_1)
FNF:2
FNH:0
FNDA:0,(anonymous_0)
FNDA:0,(anonymous_1)
DA:3,3
DA:7,3
LF:2
LH:2
BRF:0
BRH:0
end_of_record
TN:
SF:/Users/HTMusic/Desktop/PROJECTS/subdivision-app/gregg-fine-guitar-apps/subdivision-app_v5/src/action-creators/handlePlayNext.js
FN:3,(anonymous_0)
FNF:1
FNH:0
FNDA:0,(anonymous_0)
DA:3,3
DA:4,0
LF:2
LH:1
BRF:0
BRH:0
end_of_record
TN:
SF:/Users/HTMusic/Desktop/PROJECTS/subdivision-app/gregg-fine-guitar-apps/subdivision-app_v5/src/action-creators/setGameOver.js
FN:3,(anonymous_0)
FNF:1
FNH:0
FNDA:0,(anonymous_0)
DA:3,3
DA:4,0
LF:2
LH:1
BRF:0
BRH:0
end_of_record
TN:
SF:/Users/HTMusic/Desktop/PROJECTS/subdivision-app/gregg-fine-guitar-apps/subdivision-app_v5/src/action-creators/setMode.js
FN:3,(anonymous_0)
FNF:1
FNH:0
FNDA:0,(anonymous_0)
DA:3,3
DA:4,0
LF:2
LH:1
BRF:0
BRH:0
end_of_record
TN:
SF:/Users/HTMusic/Desktop/PROJECTS/subdivision-app/gregg-fine-guitar-apps/subdivision-app_v5/src/action-creators/setPlayAgain.js
FN:3,(anonymous_0)
FNF:1
FNH:0
FNDA:0,(anonymous_0)
DA:3,3
DA:4,0
LF:2
LH:1
BRF:0
BRH:0
end_of_record
TN:
SF:/Users/HTMusic/Desktop/PROJECTS/subdivision-app/gregg-fine-guitar-apps/subdivision-app_v5/src/action-creators/startGame.js
FN:3,(anonymous_0)
FNF:1
FNH:0
FNDA:0,(anonymous_0)
DA:3,3
DA:4,0
LF:2
LH:1
BRF:0
BRH:0
end_of_record
TN:
SF:/Users/HTMusic/Desktop/PROJECTS/subdivision-app/gregg-fine-guitar-apps/subdivision-app_v5/src/components/answers/Answers.jsx
FN:24,(anonymous_0)
FN:34,(anonymous_1)
FN:39,(anonymous_2)
FN:56,(anonymous_3)
FN:85,(anonymous_4)
FNF:5
FNH:0
FNDA:0,(anonymous_0)
FNDA:0,(anonymous_1)
FNDA:0,(anonymous_2)
FNDA:0,(anonymous_3)
FNDA:0,(anonymous_4)
DA:19,3
DA:24,3
DA:32,0
DA:33,0
DA:34,0
DA:35,0
DA:40,0
DA:41,0
DA:42,0
DA:57,0
DA:58,0
DA:59,0
DA:70,0
DA:85,3
DA:98,3
LF:15
LH:4
BRDA:77,0,0,0
BRDA:77,0,1,0
BRF:2
BRH:0
end_of_record
TN:
SF:/Users/HTMusic/Desktop/PROJECTS/subdivision-app/gregg-fine-guitar-apps/subdivision-app_v5/src/components/chances/Chances.jsx
FN:12,(anonymous_0)
FN:17,(anonymous_1)
FN:19,(anonymous_2)
FN:39,(anonymous_3)
FNF:4
FNH:0
FNDA:0,(anonymous_0)
FNDA:0,(anonymous_1)
FNDA:0,(anonymous_2)
FNDA:0,(anonymous_3)
DA:12,3
DA:13,0
DA:14,0
DA:17,3
DA:18,0
DA:19,0
DA:20,0
DA:21,0
DA:23,0
DA:30,0
DA:39,3
DA:43,3
LF:12
LH:4
BRDA:18,0,0,0
BRDA:18,0,1,0
BRF:2
BRH:0
end_of_record
TN:
SF:/Users/HTMusic/Desktop/PROJECTS/subdivision-app/gregg-fine-guitar-apps/subdivision-app_v5/src/components/gameOverDisplay/GameOverDisplay.jsx
FN:9,(anonymous_0)
FN:21,(anonymous_1)
FNF:2
FNH:0
FNDA:0,(anonymous_0)
FNDA:0,(anonymous_1)
DA:9,3
DA:10,0
DA:21,3
DA:25,3
LF:4
LH:3
BRF:0
BRH:0
end_of_record
TN:
SF:/Users/HTMusic/Desktop/PROJECTS/subdivision-app/gregg-fine-guitar-apps/subdivision-app_v5/src/components/hearAgain/HearAgain.jsx
FN:6,(anonymous_0)
FNF:1
FNH:0
FNDA:0,(anonymous_0)
DA:6,3
DA:7,0
DA:25,3
LF:3
LH:2
BRDA:13,0,0,0
BRDA:13,0,1,0
BRF:2
BRH:0
end_of_record
TN:
SF:/Users/HTMusic/Desktop/PROJECTS/subdivision-app/gregg-fine-guitar-apps/subdivision-app_v5/src/components/landingPage/LandingPage.jsx
FN:4,(anonymous_0)
FNF:1
FNH:1
FNDA:3,(anonymous_0)
DA:4,3
DA:5,3
LF:2
LH:2
BRF:0
BRH:0
end_of_record
TN:
SF:/Users/HTMusic/Desktop/PROJECTS/subdivision-app/gregg-fine-guitar-apps/subdivision-app_v5/src/components/levels/Levels.jsx
FN:8,(anonymous_0)
FN:20,(anonymous_1)
FN:29,(anonymous_2)
FN:36,(anonymous_3)
FNF:4
FNH:0
FNDA:0,(anonymous_0)
FNDA:0,(anonymous_1)
FNDA:0,(anonymous_2)
FNDA:0,(anonymous_3)
DA:8,3
DA:9,0
DA:20,0
DA:29,0
DA:36,3
LF:5
LH:2
BRF:0
BRH:0
end_of_record
TN:
SF:/Users/HTMusic/Desktop/PROJECTS/subdivision-app/gregg-fine-guitar-apps/subdivision-app_v5/src/components/lives/Lives.jsx
FN:12,(anonymous_0)
FN:14,(anonymous_1)
FN:17,(anonymous_2)
FN:27,(anonymous_3)
FN:47,(anonymous_4)
FNF:5
FNH:0
FNDA:0,(anonymous_0)
FNDA:0,(anonymous_1)
FNDA:0,(anonymous_2)
FNDA:0,(anonymous_3)
FNDA:0,(anonymous_4)
DA:12,3
DA:13,0
DA:14,0
DA:15,0
DA:17,0
DA:18,0
DA:19,0
DA:22,0
DA:23,0
DA:26,0
DA:27,0
DA:28,0
DA:30,0
DA:38,0
DA:47,3
DA:51,3
LF:16
LH:3
BRDA:17,0,0,0
BRDA:18,1,0,0
BRDA:18,1,1,0
BRDA:26,2,0,0
BRDA:26,2,1,0
BRF:5
BRH:0
end_of_record
TN:
SF:/Users/HTMusic/Desktop/PROJECTS/subdivision-app/gregg-fine-guitar-apps/subdivision-app_v5/src/components/muteBtn/MuteBtn.jsx
FN:6,(anonymous_0)
FNF:1
FNH:1
FNDA:1,(anonymous_0)
DA:6,4
DA:7,1
DA:20,4
LF:3
LH:3
BRDA:9,0,0,0
BRDA:9,0,1,1
BRF:2
BRH:1
end_of_record
TN:
SF:/Users/HTMusic/Desktop/PROJECTS/subdivision-app/gregg-fine-guitar-apps/subdivision-app_v5/src/components/question/Question.jsx
FN:8,(anonymous_0)
FN:13,(anonymous_1)
FN:16,(anonymous_2)
FN:25,(anonymous_3)
FN:32,(anonymous_4)
FN:60,(anonymous_5)
FNF:6
FNH:0
FNDA:0,(anonymous_0)
FNDA:0,(anonymous_1)
FNDA:0,(anonymous_2)
FNDA:0,(anonymous_3)
FNDA:0,(anonymous_4)
FNDA:0,(anonymous_5)
DA:8,3
DA:9,0
DA:10,0
DA:12,0
DA:13,0
DA:14,0
DA:15,0
DA:16,0
DA:17,0
DA:18,0
DA:20,0
DA:25,0
DA:26,0
DA:27,0
DA:28,0
DA:29,0
DA:32,0
DA:33,0
DA:34,0
DA:38,0
DA:60,3
DA:68,3
LF:22
LH:3
BRDA:14,0,0,0
BRDA:14,0,1,0
BRDA:17,1,0,0
BRDA:17,1,1,0
BRDA:33,2,0,0
BRDA:33,2,1,0
BRF:6
BRH:0
end_of_record
TN:
SF:/Users/HTMusic/Desktop/PROJECTS/subdivision-app/gregg-fine-guitar-apps/subdivision-app_v5/src/components/score/Score.jsx
FN:9,(anonymous_0)
FN:16,(anonymous_1)
FNF:2
FNH:0
FNDA:0,(anonymous_0)
FNDA:0,(anonymous_1)
DA:9,3
DA:10,0
DA:16,3
DA:20,3
LF:4
LH:3
BRF:0
BRH:0
end_of_record
TN:
SF:/Users/HTMusic/Desktop/PROJECTS/subdivision-app/gregg-fine-guitar-apps/subdivision-app_v5/src/components/scoreboard/ScoreBoard.jsx
FN:9,(anonymous_0)
FNF:1
FNH:0
FNDA:0,(anonymous_0)
DA:9,3
DA:10,0
LF:2
LH:1
BRF:0
BRH:0
end_of_record
TN:
SF:/Users/HTMusic/Desktop/PROJECTS/subdivision-app/gregg-fine-guitar-apps/subdivision-app_v5/src/components/startGameDisplay/StartGameDisplay.jsx
FN:11,(anonymous_0)
FNF:1
FNH:0
FNDA:0,(anonymous_0)
DA:11,3
DA:12,0
LF:2
LH:1
BRF:0
BRH:0
end_of_record
TN:
SF:/Users/HTMusic/Desktop/PROJECTS/subdivision-app/gregg-fine-guitar-apps/subdivision-app_v5/src/components/subdivisionApp/SubdivisionApp.jsx
FN:17,SubdivisionApp
FN:39,(anonymous_1)
FNF:2
FNH:0
FNDA:0,SubdivisionApp
FNDA:0,(anonymous_1)
DA:18,0
DA:19,0
DA:39,3
LF:3
LH:1
BRDA:19,0,0,0
BRDA:19,0,1,0
BRDA:21,1,0,0
BRDA:21,1,1,0
BRF:4
BRH:0
end_of_record
TN:
SF:/Users/HTMusic/Desktop/PROJECTS/subdivision-app/gregg-fine-guitar-apps/subdivision-app_v5/src/components/tip/Tip.jsx
FN:9,(anonymous_0)
FNF:1
FNH:1
FNDA:4,(anonymous_0)
DA:9,4
DA:10,4
DA:12,4
DA:52,4
LF:4
LH:4
BRF:0
BRH:0
end_of_record
TN:
SF:/Users/HTMusic/Desktop/PROJECTS/subdivision-app/gregg-fine-guitar-apps/subdivision-app_v5/src/components/tip-muteBtn-wrapper/TipMuteBtnWrapper.jsx
FN:4,(anonymous_0)
FNF:1
FNH:0
FNDA:0,(anonymous_0)
DA:4,3
DA:5,0
LF:2
LH:1
BRF:0
BRH:0
end_of_record
TN:
SF:/Users/HTMusic/Desktop/PROJECTS/subdivision-app/gregg-fine-guitar-apps/subdivision-app_v5/src/hooks/toggleHook.jsx
FN:3,(anonymous_0)
FN:6,(anonymous_1)
FNF:2
FNH:2
FNDA:4,(anonymous_0)
FNDA:1,(anonymous_1)
DA:3,4
DA:4,4
DA:6,4
DA:7,1
DA:9,4
LF:5
LH:5
BRDA:3,0,0,4
BRF:1
BRH:1
end_of_record
TN:
SF:/Users/HTMusic/Desktop/PROJECTS/subdivision-app/gregg-fine-guitar-apps/subdivision-app_v5/src/reducers/chancesReducer.js
FN:7,(anonymous_0)
FNF:1
FNH:1
FNDA:9,(anonymous_0)
DA:7,3
DA:8,9
DA:10,0
DA:12,0
DA:14,0
DA:16,9
LF:6
LH:3
BRDA:7,0,0,9
BRDA:8,1,0,0
BRDA:8,1,1,0
BRDA:8,1,2,0
BRDA:8,1,3,9
BRF:5
BRH:2
end_of_record
TN:
SF:/Users/HTMusic/Desktop/PROJECTS/subdivision-app/gregg-fine-guitar-apps/subdivision-app_v5/src/reducers/gameOverReducer.js
FN:3,(anonymous_0)
FNF:1
FNH:1
FNDA:9,(anonymous_0)
DA:3,3
DA:4,9
DA:6,0
DA:8,0
DA:10,9
LF:5
LH:3
BRDA:3,0,0,9
BRDA:4,1,0,0
BRDA:4,1,1,0
BRDA:4,1,2,9
BRF:4
BRH:2
end_of_record
TN:
SF:/Users/HTMusic/Desktop/PROJECTS/subdivision-app/gregg-fine-guitar-apps/subdivision-app_v5/src/reducers/index.js
FNF:0
FNH:0
DA:11,3
LF:1
LH:1
BRF:0
BRH:0
end_of_record
TN:
SF:/Users/HTMusic/Desktop/PROJECTS/subdivision-app/gregg-fine-guitar-apps/subdivision-app_v5/src/reducers/livesReducer.js
FN:3,(anonymous_0)
FNF:1
FNH:1
FNDA:9,(anonymous_0)
DA:3,3
DA:4,9
DA:6,0
DA:8,0
DA:10,9
LF:5
LH:3
BRDA:3,0,0,9
BRDA:4,1,0,0
BRDA:4,1,1,0
BRDA:4,1,2,9
BRF:4
BRH:2
end_of_record
TN:
SF:/Users/HTMusic/Desktop/PROJECTS/subdivision-app/gregg-fine-guitar-apps/subdivision-app_v5/src/reducers/modeReducer.js
FN:6,(anonymous_0)
FNF:1
FNH:1
FNDA:9,(anonymous_0)
DA:6,3
DA:7,9
DA:9,0
DA:10,0
DA:15,0
DA:22,9
LF:6
LH:3
BRDA:6,0,0,9
BRDA:7,1,0,0
BRDA:7,1,1,9
BRDA:9,2,0,0
BRDA:9,2,1,0
BRF:5
BRH:2
end_of_record
TN:
SF:/Users/HTMusic/Desktop/PROJECTS/subdivision-app/gregg-fine-guitar-apps/subdivision-app_v5/src/reducers/playNextReducer.js
FN:9,(anonymous_0)
FNF:1
FNH:1
FNDA:9,(anonymous_0)
DA:5,3
DA:7,3
DA:9,3
DA:16,9
DA:18,0
DA:19,0
DA:20,0
DA:21,0
DA:23,0
DA:28,9
LF:10
LH:5
BRDA:10,0,0,9
BRDA:16,1,0,0
BRDA:16,1,1,9
BRF:3
BRH:2
end_of_record
TN:
SF:/Users/HTMusic/Desktop/PROJECTS/subdivision-app/gregg-fine-guitar-apps/subdivision-app_v5/src/reducers/questionReducer.js
FN:7,(anonymous_0)
FN:15,(anonymous_1)
FNF:2
FNH:1
FNDA:0,(anonymous_0)
FNDA:9,(anonymous_1)
DA:5,4
DA:7,4
DA:8,0
DA:9,0
DA:15,4
DA:19,9
DA:21,0
DA:23,9
LF:8
LH:5
BRDA:16,0,0,9
BRDA:19,1,0,0
BRDA:19,1,1,9
BRF:3
BRH:2
end_of_record
TN:
SF:/Users/HTMusic/Desktop/PROJECTS/subdivision-app/gregg-fine-guitar-apps/subdivision-app_v5/src/reducers/scoreReducer.js
FN:3,(anonymous_0)
FNF:1
FNH:1
FNDA:9,(anonymous_0)
DA:3,3
DA:4,9
DA:6,0
DA:8,0
DA:10,9
LF:5
LH:3
BRDA:3,0,0,9
BRDA:4,1,0,0
BRDA:4,1,1,0
BRDA:4,1,2,9
BRF:4
BRH:2
end_of_record
TN:
SF:/Users/HTMusic/Desktop/PROJECTS/subdivision-app/gregg-fine-guitar-apps/subdivision-app_v5/src/reducers/startGameReducer.js
FN:3,(anonymous_0)
FNF:1
FNH:1
FNDA:9,(anonymous_0)
DA:3,3
DA:4,9
DA:6,0
DA:8,9
LF:4
LH:3
BRDA:3,0,0,9
BRDA:4,1,0,0
BRDA:4,1,1,9
BRF:3
BRH:2
end_of_record
TN:
SF:/Users/HTMusic/Desktop/PROJECTS/subdivision-app/gregg-fine-guitar-apps/subdivision-app_v5/src/util/helpers.js
FN:4,(anonymous_0)
FNF:1
FNH:1
FNDA:5,(anonymous_0)
DA:4,5
DA:5,5
LF:2
LH:2
BRF:0
BRH:0
end_of_record
TN:
SF:/Users/HTMusic/Desktop/PROJECTS/subdivision-app/gregg-fine-guitar-apps/subdivision-app_v5/src/util/startStopData.js
FNF:0
FNH:0
DA:1,3
LF:1
LH:1
BRF:0
BRH:0
end_of_record
TN:
SF:/Users/HTMusic/Desktop/PROJECTS/subdivision-app/gregg-fine-guitar-apps/subdivision-app_v5/src/util/tipsData.js
FNF:0
FNH:0
LF:0
LH:0
BRF:0
BRH:0
end_of_record
